#
# A fatal error has been detected by the Java Runtime Environment:
#
#  SIGSEGV (0xb) at pc=0x00007f7d1b739fad, pid=12165, tid=140173352048384
#
# JRE version: OpenJDK Runtime Environment (8.0_45-b14) (build 1.8.0_45-internal-b14)
# Java VM: OpenJDK 64-Bit Server VM (25.45-b02 mixed mode linux-amd64 compressed oops)
# Problematic frame:
# V  [libjvm.so+0x698fad]  jni_invoke_nonstatic(JNIEnv_*, JavaValue*, _jobject*, JNICallType, _jmethodID*, JNI_ArgumentPusher*, Thread*) [clone .constprop.89]+0x3d
#
# Failed to write core dump. Core dumps have been disabled. To enable core dumping, try "ulimit -c unlimited" before starting Java again
#
# If you would like to submit a bug report, please visit:
#   http://bugreport.java.com/bugreport/crash.jsp
#

---------------  T H R E A D  ---------------

Current thread (0x00007f7d14317000):  JavaThread "JavaFX Application Thread" [_thread_in_vm, id=12191, stack(0x00007f7ca6cb1000,0x00007f7ca6db2000)]

siginfo: si_signo: 11 (SIGSEGV), si_code: 128 (SI_KERNEL), si_addr: 0x0000000000000000

Registers:
RAX=0x0000000000000000, RBX=0x00007f7d14317000, RCX=0x00007f7d14284ce8, RDX=0x2d6b646a6e65706f
RSP=0x00007f7ca6dad850, RBP=0x00007f7ca6dad9c0, RSI=0x00007f7ca6dad9e0, RDI=0x00007f7d143171e0
R8 =0x00007f7ca6dada10, R9 =0x00007f7d14317000, R10=0x00007f7c980023c0, R11=0x00007f7d05390a40
R12=0x00007f7d143171e0, R13=0x00007f7d14284ce8, R14=0x00007f7ca6dada10, R15=0x00007f7ca6dadaa8
RIP=0x00007f7d1b739fad, EFLAGS=0x0000000000010206, CSGSFS=0x0000000000000033, ERR=0x0000000000000000
  TRAPNO=0x000000000000000d

Top of Stack: (sp=0x00007f7ca6dad850)
0x00007f7ca6dad850:   0000000000000000 0000000000000000
0x00007f7ca6dad860:   00007f7ca6dad890 00000000000003d8
0x00007f7ca6dad870:   00007f7ca6dad8c0 00007f7ca6dad8b0
0x00007f7ca6dad880:   00007f7d0000000e 00007f7ccc019a48
0x00007f7ca6dad890:   00007f7ccc0196e0 00007f7d143171e0
0x00007f7ca6dad8a0:   00007f7ccc019660 00007f7ca6dad9e0
0x00007f7ca6dad8b0:   00007f7d04d00130 00007f7d14317000
0x00007f7ca6dad8c0:   00007f7d04d00130 00007f7d14317000
0x00007f7ca6dad8d0:   00007f7d04d00130 00007f7d14317000
0x00007f7ca6dad8e0:   0000000004d09e38 00000000d74b6fe0
0x00007f7ca6dad8f0:   0000000000000000 00007f7d050156a8
0x00007f7ca6dad900:   00007f7d04d00130 00007f7d14317000
0x00007f7ca6dad910:   0000000000000002 00000000d74b72a8
0x00007f7ca6dad920:   000000000000006f 00007f7d0000000a
0x00007f7ca6dad930:   00000000d78a6530 00007f7c00000000
0x00007f7ca6dad940:   00007f7ca6dadb20 00007f7ca6dada20
0x00007f7ca6dad950:   00007f7ca6dadad0 00000001000001a7
0x00007f7ca6dad960:   0000000056715f65 00007f7ca6dad918
0x00007f7ca6dad970:   00007f7ca6dad959 0000000800000005
0x00007f7ca6dad980:   00007f7ca6dad900 24e9697a14198800
0x00007f7ca6dad990:   00007f7d00000004 00007f7d14317000
0x00007f7ca6dad9a0:   00007f7d143171e0 00007f7d14284ce8
0x00007f7ca6dad9b0:   00007f7ca6dada10 00007f7ca6dadaa8
0x00007f7ca6dad9c0:   00007f7ca6dada90 00007f7d1b745b74
0x00007f7ca6dad9d0:   00007f7d04d09e38 2d6b646a6e65706f
0x00007f7ca6dad9e0:   00007f7d0000000e 24e9697a00000000
0x00007f7ca6dad9f0:   00007f7d14317000 0000000000000000
0x00007f7ca6dada00:   0000000000000000 000000000480002e
0x00007f7ca6dada10:   00007f7d1bf3d2d0 00007f7d1cc973e0
0x00007f7ca6dada20:   00000000142ae020 00007f7c00000063
0x00007f7ca6dada30:   0000000000000000 0000003000000018
0x00007f7ca6dada40:   00007f7ca6dadb80 00007f7ca6dadac0 

Instructions: (pc=0x00007f7d1b739fad)
0x00007f7d1b739f8d:   ff 48 89 b5 e8 fe ff ff 64 48 8b 04 25 28 00 00
0x00007f7d1b739f9d:   00 48 89 45 c8 31 c0 48 85 d2 0f 84 43 05 00 00
0x00007f7d1b739fad:   4c 8b 3a 4d 85 ff 0f 84 37 05 00 00 4d 8b a1 20
0x00007f7d1b739fbd:   01 00 00 4d 89 c6 4d 8b 6c 24 18 49 83 fd f7 0f 

Register to memory mapping:

RAX=0x0000000000000000 is an unknown value
RBX=0x00007f7d14317000 is a thread
RCX=0x00007f7d14284ce8 is an unknown value
RDX=0x2d6b646a6e65706f is an unknown value
RSP=0x00007f7ca6dad850 is pointing into the stack for thread: 0x00007f7d14317000
RBP=0x00007f7ca6dad9c0 is pointing into the stack for thread: 0x00007f7d14317000
RSI=0x00007f7ca6dad9e0 is pointing into the stack for thread: 0x00007f7d14317000
RDI=0x00007f7d143171e0 is an unknown value
R8 =0x00007f7ca6dada10 is pointing into the stack for thread: 0x00007f7d14317000
R9 =0x00007f7d14317000 is a thread
R10=0x00007f7c980023c0 is an unknown value
R11=0x00007f7d05390a40 is at entry_point+32 in (nmethod*)0x00007f7d053908d0
R12=0x00007f7d143171e0 is an unknown value
R13=0x00007f7d14284ce8 is an unknown value
R14=0x00007f7ca6dada10 is pointing into the stack for thread: 0x00007f7d14317000
R15=0x00007f7ca6dadaa8 is pointing into the stack for thread: 0x00007f7d14317000


Stack: [0x00007f7ca6cb1000,0x00007f7ca6db2000],  sp=0x00007f7ca6dad850,  free space=1010k
Native frames: (J=compiled Java code, j=interpreted, Vv=VM code, C=native code)
V  [libjvm.so+0x698fad]  jni_invoke_nonstatic(JNIEnv_*, JavaValue*, _jobject*, JNICallType, _jmethodID*, JNI_ArgumentPusher*, Thread*) [clone .constprop.89]+0x3d
V  [libjvm.so+0x6a4b74]  jni_CallVoidMethodV+0xe4
C  [libglass.so+0x132b1]  JNIEnv_::CallVoidMethod(_jobject*, _jmethodID*, ...)+0x81
C  [libglass.so+0x1484f]  WindowContextBase::process_key(_GdkEventKey*)+0x20f
C  [libglass.so+0x1dbe0]  WindowContextBase::im_filter_keypress(_GdkEventKey*)+0x1c0
C  [libglass.so+0x1306c]
C  [libgdk-x11-2.0.so.0+0x5abac]

Java frames: (J=compiled Java code, j=interpreted, Vv=VM code)
j  com.sun.glass.ui.gtk.GtkApplication.enterNestedEventLoopImpl()V+0
j  com.sun.glass.ui.gtk.GtkApplication._enterNestedEventLoop()Ljava/lang/Object;+15
j  com.sun.glass.ui.Application.enterNestedEventLoop()Ljava/lang/Object;+14
j  com.sun.glass.ui.EventLoop.enter()Ljava/lang/Object;+42
j  com.sun.javafx.tk.quantum.QuantumToolkit.enterNestedEventLoop(Ljava/lang/Object;)Ljava/lang/Object;+107
j  javafx.stage.Stage.showAndWait()V+74
j  javafx.scene.control.HeavyweightDialog.showAndWait()V+11
j  javafx.scene.control.Dialog.showAndWait()Ljava/util/Optional;+41
j  StudentManagerGUI$1.handle(Ljavafx/event/ActionEvent;)V+12
j  StudentManagerGUI$1.handle(Ljavafx/event/Event;)V+5
j  com.sun.javafx.event.CompositeEventHandler.dispatchBubblingEvent(Ljavafx/event/Event;)V+51
J 1166 C1 com.sun.javafx.event.EventHandlerManager.dispatchBubblingEvent(Ljavafx/event/EventType;Ljavafx/event/Event;)Ljavafx/event/Event; (34 bytes) @ 0x00007f7d053ea934 [0x00007f7d053ea3c0+0x574]
j  com.sun.javafx.event.EventHandlerManager.dispatchBubblingEvent(Ljavafx/event/Event;)Ljavafx/event/Event;+8
j  com.sun.javafx.event.CompositeEventDispatcher.dispatchBubblingEvent(Ljavafx/event/Event;)Ljavafx/event/Event;+11
j  com.sun.javafx.event.BasicEventDispatcher.dispatchEvent(Ljavafx/event/Event;Ljavafx/event/EventDispatchChain;)Ljavafx/event/Event;+29
J 1176 C1 com.sun.javafx.event.EventDispatchChainImpl.dispatchEvent(Ljavafx/event/Event;)Ljavafx/event/Event; (101 bytes) @ 0x00007f7d053ef084 [0x00007f7d053eeee0+0x1a4]
j  com.sun.javafx.event.BasicEventDispatcher.dispatchEvent(Ljavafx/event/Event;Ljavafx/event/EventDispatchChain;)Ljavafx/event/Event;+17
J 1176 C1 com.sun.javafx.event.EventDispatchChainImpl.dispatchEvent(Ljavafx/event/Event;)Ljavafx/event/Event; (101 bytes) @ 0x00007f7d053ef084 [0x00007f7d053eeee0+0x1a4]
j  com.sun.javafx.event.BasicEventDispatcher.dispatchEvent(Ljavafx/event/Event;Ljavafx/event/EventDispatchChain;)Ljavafx/event/Event;+17
J 1176 C1 com.sun.javafx.event.EventDispatchChainImpl.dispatchEvent(Ljavafx/event/Event;)Ljavafx/event/Event; (101 bytes) @ 0x00007f7d053ef084 [0x00007f7d053eeee0+0x1a4]
j  com.sun.javafx.event.BasicEventDispatcher.dispatchEvent(Ljavafx/event/Event;Ljavafx/event/EventDispatchChain;)Ljavafx/event/Event;+17
J 1176 C1 com.sun.javafx.event.EventDispatchChainImpl.dispatchEvent(Ljavafx/event/Event;)Ljavafx/event/Event; (101 bytes) @ 0x00007f7d053ef084 [0x00007f7d053eeee0+0x1a4]
j  com.sun.javafx.event.EventUtil.fireEventImpl(Ljavafx/event/EventDispatchChain;Ljavafx/event/EventTarget;Ljavafx/event/Event;)Ljavafx/event/Event;+10
j  com.sun.javafx.event.EventUtil.fireEvent(Ljavafx/event/EventTarget;Ljavafx/event/Event;)Ljavafx/event/Event;+37
j  javafx.event.Event.fireEvent(Ljavafx/event/EventTarget;Ljavafx/event/Event;)V+30
j  javafx.scene.Node.fireEvent(Ljavafx/event/Event;)V+86
j  javafx.scene.control.Button.fire()V+15
j  com.sun.javafx.scene.control.behavior.ButtonBehavior.mouseReleased(Ljavafx/scene/input/MouseEvent;)V+23
j  com.sun.javafx.scene.control.skin.BehaviorSkinBase$1.handle(Ljavafx/scene/input/MouseEvent;)V+83
j  com.sun.javafx.scene.control.skin.BehaviorSkinBase$1.handle(Ljavafx/event/Event;)V+5
j  com.sun.javafx.event.CompositeEventHandler$NormalEventHandlerRecord.handleBubblingEvent(Ljavafx/event/Event;)V+5
j  com.sun.javafx.event.CompositeEventHandler.dispatchBubblingEvent(Ljavafx/event/Event;)V+28
J 1166 C1 com.sun.javafx.event.EventHandlerManager.dispatchBubblingEvent(Ljavafx/event/EventType;Ljavafx/event/Event;)Ljavafx/event/Event; (34 bytes) @ 0x00007f7d053ea934 [0x00007f7d053ea3c0+0x574]
j  com.sun.javafx.event.EventHandlerManager.dispatchBubblingEvent(Ljavafx/event/Event;)Ljavafx/event/Event;+8
j  com.sun.javafx.event.CompositeEventDispatcher.dispatchBubblingEvent(Ljavafx/event/Event;)Ljavafx/event/Event;+11
j  com.sun.javafx.event.BasicEventDispatcher.dispatchEvent(Ljavafx/event/Event;Ljavafx/event/EventDispatchChain;)Ljavafx/event/Event;+29
J 1176 C1 com.sun.javafx.event.EventDispatchChainImpl.dispatchEvent(Ljavafx/event/Event;)Ljavafx/event/Event; (101 bytes) @ 0x00007f7d053ef084 [0x00007f7d053eeee0+0x1a4]
j  com.sun.javafx.event.BasicEventDispatcher.dispatchEvent(Ljavafx/event/Event;Ljavafx/event/EventDispatchChain;)Ljavafx/event/Event;+17
J 1176 C1 com.sun.javafx.event.EventDispatchChainImpl.dispatchEvent(Ljavafx/event/Event;)Ljavafx/event/Event; (101 bytes) @ 0x00007f7d053ef084 [0x00007f7d053eeee0+0x1a4]
j  com.sun.javafx.event.BasicEventDispatcher.dispatchEvent(Ljavafx/event/Event;Ljavafx/event/EventDispatchChain;)Ljavafx/event/Event;+17
J 1176 C1 com.sun.javafx.event.EventDispatchChainImpl.dispatchEvent(Ljavafx/event/Event;)Ljavafx/event/Event; (101 bytes) @ 0x00007f7d053ef084 [0x00007f7d053eeee0+0x1a4]
j  com.sun.javafx.event.BasicEventDispatcher.dispatchEvent(Ljavafx/event/Event;Ljavafx/event/EventDispatchChain;)Ljavafx/event/Event;+17
J 1176 C1 com.sun.javafx.event.EventDispatchChainImpl.dispatchEvent(Ljavafx/event/Event;)Ljavafx/event/Event; (101 bytes) @ 0x00007f7d053ef084 [0x00007f7d053eeee0+0x1a4]
j  com.sun.javafx.event.EventUtil.fireEventImpl(Ljavafx/event/EventDispatchChain;Ljavafx/event/EventTarget;Ljavafx/event/Event;)Ljavafx/event/Event;+10
j  com.sun.javafx.event.EventUtil.fireEvent(Ljavafx/event/EventTarget;Ljavafx/event/Event;)Ljavafx/event/Event;+46
j  javafx.event.Event.fireEvent(Ljavafx/event/EventTarget;Ljavafx/event/Event;)V+30
j  javafx.scene.Scene$MouseHandler.process(Ljavafx/scene/input/MouseEvent;Z)V+491
j  javafx.scene.Scene$MouseHandler.access$1500(Ljavafx/scene/Scene$MouseHandler;Ljavafx/scene/input/MouseEvent;Z)V+3
j  javafx.scene.Scene.impl_processMouseEvent(Ljavafx/scene/input/MouseEvent;)V+6
j  javafx.scene.Scene$ScenePeerListener.mouseEvent(Ljavafx/event/EventType;DDDDLjavafx/scene/input/MouseButton;ZZZZZZZZZ)V+46
j  com.sun.javafx.tk.quantum.GlassViewEventHandler$MouseEventNotification.run()Ljava/lang/Void;+438
j  com.sun.javafx.tk.quantum.GlassViewEventHandler$MouseEventNotification.run()Ljava/lang/Object;+1
v  ~StubRoutines::call_stub
J 1244  java.security.AccessController.doPrivileged(Ljava/security/PrivilegedAction;Ljava/security/AccessControlContext;)Ljava/lang/Object; (0 bytes) @ 0x00007f7d05412123 [0x00007f7d054120c0+0x63]
j  com.sun.javafx.tk.quantum.GlassViewEventHandler.lambda$handleMouseEvent$350()Ljava/lang/Void;+11
j  com.sun.javafx.tk.quantum.GlassViewEventHandler$$Lambda$160.get()Ljava/lang/Object;+4
j  com.sun.javafx.tk.quantum.QuantumToolkit.runWithoutRenderLock(Ljava/util/function/Supplier;)Ljava/lang/Object;+18
j  com.sun.javafx.tk.quantum.GlassViewEventHandler.handleMouseEvent(Lcom/sun/glass/ui/View;JIIIIIIIZZ)V+103
j  com.sun.glass.ui.View.handleMouseEvent(JIIIIIIIZZ)V+30
j  com.sun.glass.ui.View.notifyMouse(IIIIIIIZZ)V+181
v  ~StubRoutines::call_stub
j  com.sun.glass.ui.gtk.GtkApplication._runLoop(Ljava/lang/Runnable;Z)V+0
j  com.sun.glass.ui.gtk.GtkApplication.lambda$null$48(Ljava/lang/Runnable;Z)V+7
j  com.sun.glass.ui.gtk.GtkApplication$$Lambda$41.run()V+12
j  java.lang.Thread.run()V+11
v  ~StubRoutines::call_stub

---------------  P R O C E S S  ---------------

Java Threads: ( => current thread )
  0x00007f7c982d0800 JavaThread "Prism Font Disposer" daemon [_thread_blocked, id=12194, stack(0x00007f7ca59aa000,0x00007f7ca5aab000)]
  0x00007f7d1431b800 JavaThread "JavaFX-Launcher" [_thread_blocked, id=12192, stack(0x00007f7ca6bb0000,0x00007f7ca6cb1000)]
=>0x00007f7d14317000 JavaThread "JavaFX Application Thread" [_thread_in_vm, id=12191, stack(0x00007f7ca6cb1000,0x00007f7ca6db2000)]
  0x00007f7d14313000 JavaThread "Thread-1" daemon [_thread_blocked, id=12190, stack(0x00007f7cf403f000,0x00007f7cf4140000)]
  0x00007f7d14252800 JavaThread "QuantumRenderer-0" daemon [_thread_blocked, id=12189, stack(0x00007f7cf5a2b000,0x00007f7cf5b2c000)]
  0x00007f7d140c9000 JavaThread "Service Thread" daemon [_thread_blocked, id=12187, stack(0x00007f7cf5cdc000,0x00007f7cf5ddd000)]
  0x00007f7d140bb800 JavaThread "C1 CompilerThread3" daemon [_thread_blocked, id=12186, stack(0x00007f7cf5ddd000,0x00007f7cf5ede000)]
  0x00007f7d140b9800 JavaThread "C2 CompilerThread2" daemon [_thread_blocked, id=12185, stack(0x00007f7cf5ede000,0x00007f7cf5fdf000)]
  0x00007f7d140b7800 JavaThread "C2 CompilerThread1" daemon [_thread_blocked, id=12184, stack(0x00007f7cf5fdf000,0x00007f7cf60e0000)]
  0x00007f7d140b4800 JavaThread "C2 CompilerThread0" daemon [_thread_blocked, id=12183, stack(0x00007f7cf60e0000,0x00007f7cf61e1000)]
  0x00007f7d140b2800 JavaThread "Signal Dispatcher" daemon [_thread_blocked, id=12182, stack(0x00007f7cf61e1000,0x00007f7cf62e2000)]
  0x00007f7d14087000 JavaThread "Finalizer" daemon [_thread_blocked, id=12181, stack(0x00007f7cf6a04000,0x00007f7cf6b05000)]
  0x00007f7d14085000 JavaThread "Reference Handler" daemon [_thread_blocked, id=12180, stack(0x00007f7cf6b05000,0x00007f7cf6c06000)]
  0x00007f7d14009800 JavaThread "main" [_thread_blocked, id=12170, stack(0x00007f7d1cd3b000,0x00007f7d1ce3c000)]

Other Threads:
  0x00007f7d14080000 VMThread [stack: 0x00007f7cf6c06000,0x00007f7cf6d07000] [id=12179]
  0x00007f7d140cb800 WatcherThread [stack: 0x00007f7cf5bdb000,0x00007f7cf5cdc000] [id=12188]

VM state:not at safepoint (normal execution)

VM Mutex/Monitor currently owned by a thread: None

Heap:
 PSYoungGen      total 36864K, used 19475K [0x00000000d6c00000, 0x00000000d9500000, 0x0000000100000000)
  eden space 31744K, 45% used [0x00000000d6c00000,0x00000000d7a098a8,0x00000000d8b00000)
  from space 5120K, 99% used [0x00000000d8b00000,0x00000000d8ffb5f0,0x00000000d9000000)
  to   space 5120K, 0% used [0x00000000d9000000,0x00000000d9000000,0x00000000d9500000)
 ParOldGen       total 84992K, used 3709K [0x0000000084400000, 0x0000000089700000, 0x00000000d6c00000)
  object space 84992K, 4% used [0x0000000084400000,0x000000008479f6e8,0x0000000089700000)
 Metaspace       used 15965K, capacity 16888K, committed 17024K, reserved 1064960K
  class space    used 2229K, capacity 2419K, committed 2432K, reserved 1048576K

Card table byte_map: [0x00007f7d19045000,0x00007f7d19424000] byte_map_base: 0x00007f7d18c23000

Marking Bits: (ParMarkBitMap*) 0x00007f7d1c00de80
 Begin Bits: [0x00007f7cfc220000, 0x00007f7cfe110000)
 End Bits:   [0x00007f7cfe110000, 0x00007f7d00000000)

Polling page: 0x00007f7d1ce5f000

CodeCache: size=245760Kb used=5304Kb max_used=5315Kb free=240455Kb
 bounds [0x00007f7d05000000, 0x00007f7d05540000, 0x00007f7d14000000]
 total_blobs=2391 nmethods=1767 adapters=538
 compilation: enabled

Compilation events (10 events):
Event: 16,957 Thread 0x00007f7d140bb800 nmethod 1761 0x00007f7d0552cb10 code [0x00007f7d0552cd60, 0x00007f7d0552dd28]
Event: 16,957 Thread 0x00007f7d140bb800 1765       3       javafx.scene.text.Text::getTextAttribute (25 bytes)
Event: 16,958 Thread 0x00007f7d140bb800 nmethod 1765 0x00007f7d0552e450 code [0x00007f7d0552e5c0, 0x00007f7d0552e910]
Event: 16,958 Thread 0x00007f7d140bb800 1763       3       javafx.scene.Node::getOrientationParent (24 bytes)
Event: 16,958 Thread 0x00007f7d140bb800 nmethod 1763 0x00007f7d0552ea90 code [0x00007f7d0552ec40, 0x00007f7d0552f308]
Event: 16,958 Thread 0x00007f7d140bb800 1764       1       com.sun.javafx.text.TextLine::getRuns (5 bytes)
Event: 16,958 Thread 0x00007f7d140bb800 nmethod 1764 0x00007f7d0552f4d0 code [0x00007f7d0552f620, 0x00007f7d0552f730]
Event: 16,961 Thread 0x00007f7d140b9800 1767       4       jdk.internal.org.objectweb.asm.ByteVector::put12 (64 bytes)
Event: 16,961 Thread 0x00007f7d140bb800 1766       3       jdk.internal.org.objectweb.asm.ClassWriter::visit (121 bytes)
Event: 16,962 Thread 0x00007f7d140bb800 nmethod 1766 0x00007f7d0552f790 code [0x00007f7d0552f980, 0x00007f7d05530058]

GC Heap History (2 events):
Event: 1,478 GC heap before
{Heap before GC invocations=1 (full 0):
 PSYoungGen      total 36864K, used 31744K [0x00000000d6c00000, 0x00000000d9500000, 0x0000000100000000)
  eden space 31744K, 100% used [0x00000000d6c00000,0x00000000d8b00000,0x00000000d8b00000)
  from space 5120K, 0% used [0x00000000d9000000,0x00000000d9000000,0x00000000d9500000)
  to   space 5120K, 0% used [0x00000000d8b00000,0x00000000d8b00000,0x00000000d9000000)
 ParOldGen       total 84992K, used 0K [0x0000000084400000, 0x0000000089700000, 0x00000000d6c00000)
  object space 84992K, 0% used [0x0000000084400000,0x0000000084400000,0x0000000089700000)
 Metaspace       used 11995K, capacity 12496K, committed 12800K, reserved 1060864K
  class space    used 1587K, capacity 1703K, committed 1792K, reserved 1048576K
Event: 1,489 GC heap after
Heap after GC invocations=1 (full 0):
 PSYoungGen      total 36864K, used 5101K [0x00000000d6c00000, 0x00000000d9500000, 0x0000000100000000)
  eden space 31744K, 0% used [0x00000000d6c00000,0x00000000d6c00000,0x00000000d8b00000)
  from space 5120K, 99% used [0x00000000d8b00000,0x00000000d8ffb5f0,0x00000000d9000000)
  to   space 5120K, 0% used [0x00000000d9000000,0x00000000d9000000,0x00000000d9500000)
 ParOldGen       total 84992K, used 3709K [0x0000000084400000, 0x0000000089700000, 0x00000000d6c00000)
  object space 84992K, 4% used [0x0000000084400000,0x000000008479f6e8,0x0000000089700000)
 Metaspace       used 11995K, capacity 12496K, committed 12800K, reserved 1060864K
  class space    used 1587K, capacity 1703K, committed 1792K, reserved 1048576K
}

Deoptimization events (10 events):
Event: 1,289 Thread 0x00007f7d14317000 Uncommon trap: reason=class_check action=maybe_recompile pc=0x00007f7d051223f8 method=java.lang.String.equals(Ljava/lang/Object;)Z @ 8
Event: 1,292 Thread 0x00007f7d14317000 Uncommon trap: reason=class_check action=maybe_recompile pc=0x00007f7d051223f8 method=java.lang.String.equals(Ljava/lang/Object;)Z @ 8
Event: 1,375 Thread 0x00007f7d14317000 Uncommon trap: reason=bimorphic action=maybe_recompile pc=0x00007f7d05255b70 method=java.util.HashMap.getNode(ILjava/lang/Object;)Ljava/util/HashMap$Node; @ 126
Event: 1,380 Thread 0x00007f7d14317000 Uncommon trap: reason=bimorphic action=maybe_recompile pc=0x00007f7d05255b70 method=java.util.HashMap.getNode(ILjava/lang/Object;)Ljava/util/HashMap$Node; @ 126
Event: 1,380 Thread 0x00007f7d14317000 Uncommon trap: reason=bimorphic action=maybe_recompile pc=0x00007f7d05255b70 method=java.util.HashMap.getNode(ILjava/lang/Object;)Ljava/util/HashMap$Node; @ 126
Event: 1,381 Thread 0x00007f7d14317000 Uncommon trap: reason=bimorphic action=maybe_recompile pc=0x00007f7d05255b70 method=java.util.HashMap.getNode(ILjava/lang/Object;)Ljava/util/HashMap$Node; @ 126
Event: 1,595 Thread 0x00007f7d14317000 Uncommon trap: reason=unstable_if action=reinterpret pc=0x00007f7d053063ac method=sun.misc.URLClassPath$JarLoader.ensureOpen()V @ 4
Event: 1,609 Thread 0x00007f7d14317000 Uncommon trap: reason=unstable_if action=reinterpret pc=0x00007f7d052c7f38 method=sun.net.www.ParseUtil.encodePath(Ljava/lang/String;Z)Ljava/lang/String; @ 109
Event: 13,021 Thread 0x00007f7d14317000 Uncommon trap: reason=unstable_if action=reinterpret pc=0x00007f7d052d3564 method=jdk.internal.org.objectweb.asm.Type.getArgumentsAndReturnSizes(Ljava/lang/String;)I @ 47
Event: 13,168 Thread 0x00007f7d14317000 Uncommon trap: reason=unstable_if action=reinterpret pc=0x00007f7d053e60f8 method=java.lang.StrictMath.floorOrCeil(DDDD)D @ 38

Internal exceptions (10 events):
Event: 0,299 Thread 0x00007f7d14009800 Exception <a 'java/security/PrivilegedActionException'> (0x00000000d6f7cf30) thrown at [/build/buildd/openjdk-8-8u45-b14/src/hotspot/src/share/vm/prims/jvm.cpp, line 1382]
Event: 0,299 Thread 0x00007f7d14009800 Exception <a 'java/security/PrivilegedActionException'> (0x00000000d6f7eee8) thrown at [/build/buildd/openjdk-8-8u45-b14/src/hotspot/src/share/vm/prims/jvm.cpp, line 1382]
Event: 0,299 Thread 0x00007f7d14009800 Exception <a 'java/security/PrivilegedActionException'> (0x00000000d6f7f0a0) thrown at [/build/buildd/openjdk-8-8u45-b14/src/hotspot/src/share/vm/prims/jvm.cpp, line 1382]
Event: 0,299 Thread 0x00007f7d14009800 Exception <a 'java/security/PrivilegedActionException'> (0x00000000d6f7fac0) thrown at [/build/buildd/openjdk-8-8u45-b14/src/hotspot/src/share/vm/prims/jvm.cpp, line 1382]
Event: 0,299 Thread 0x00007f7d14009800 Exception <a 'java/security/PrivilegedActionException'> (0x00000000d6f7fc78) thrown at [/build/buildd/openjdk-8-8u45-b14/src/hotspot/src/share/vm/prims/jvm.cpp, line 1382]
Event: 0,299 Thread 0x00007f7d14009800 Exception <a 'java/lang/NullPointerException'> (0x00000000d6f81058) thrown at [/build/buildd/openjdk-8-8u45-b14/src/hotspot/src/share/vm/interpreter/linkResolver.cpp, line 1178]
Event: 0,812 Thread 0x00007f7d14317000 Exception <a 'java/lang/NullPointerException'> (0x00000000d7acb360) thrown at [/build/buildd/openjdk-8-8u45-b14/src/hotspot/src/share/vm/interpreter/linkResolver.cpp, line 1178]
Event: 0,812 Thread 0x00007f7d14317000 Exception <a 'java/lang/NullPointerException'> (0x00000000d7acb360) thrown at [/build/buildd/openjdk-8-8u45-b14/src/hotspot/src/share/vm/prims/jvm.cpp, line 1386]
Event: 1,133 Thread 0x00007f7d14317000 Implicit null exception at 0x00007f7d05254f15 to 0x00007f7d052552b9
Event: 1,595 Thread 0x00007f7d14317000 Implicit null exception at 0x00007f7d05304933 to 0x00007f7d0530638d

Events (10 events):
Event: 16,959 loading class com/sun/javafx/tk/quantum/WindowStage
Event: 16,959 loading class com/sun/javafx/tk/quantum/WindowStage done
Event: 16,959 loading class com/sun/prism/GraphicsResource
Event: 16,959 loading class com/sun/prism/GraphicsResource done
Event: 16,959 loading class com/sun/prism/GraphicsResource
Event: 16,959 loading class com/sun/prism/GraphicsResource done
Event: 16,960 loading class com/sun/javafx/tk/quantum/ViewScene
Event: 16,960 loading class com/sun/javafx/tk/quantum/ViewScene done
Event: 16,960 loading class com/sun/javafx/tk/quantum/WindowStage
Event: 16,960 loading class com/sun/javafx/tk/quantum/WindowStage done


Dynamic libraries:
00400000-00401000 r-xp 00000000 08:02 23335608                           /usr/lib/jvm/java-8-openjdk-amd64/jre/bin/java
00600000-00601000 r--p 00000000 08:02 23335608                           /usr/lib/jvm/java-8-openjdk-amd64/jre/bin/java
00601000-00602000 rw-p 00001000 08:02 23335608                           /usr/lib/jvm/java-8-openjdk-amd64/jre/bin/java
023ee000-0240f000 rw-p 00000000 00:00 0                                  [heap]
84400000-89700000 rw-p 00000000 00:00 0 
89700000-d6c00000 ---p 00000000 00:00 0 
d6c00000-d9500000 rw-p 00000000 00:00 0 
d9500000-100000000 ---p 00000000 00:00 0 
100000000-100260000 rw-p 00000000 00:00 0 
100260000-140000000 ---p 00000000 00:00 0 
7f7c90000000-7f7c90022000 rw-p 00000000 00:00 0 
7f7c90022000-7f7c94000000 ---p 00000000 00:00 0 
7f7c94000000-7f7c94021000 rw-p 00000000 00:00 0 
7f7c94021000-7f7c98000000 ---p 00000000 00:00 0 
7f7c98000000-7f7c985a7000 rw-p 00000000 00:00 0 
7f7c985a7000-7f7c9c000000 ---p 00000000 00:00 0 
7f7c9c000000-7f7c9c021000 rw-p 00000000 00:00 0 
7f7c9c021000-7f7ca0000000 ---p 00000000 00:00 0 
7f7ca0000000-7f7ca0021000 rw-p 00000000 00:00 0 
7f7ca0021000-7f7ca4000000 ---p 00000000 00:00 0 
7f7ca52d7000-7f7ca5319000 rw-p 00000000 00:00 0 
7f7ca5319000-7f7ca54d9000 ---p 00000000 00:00 0 
7f7ca54d9000-7f7ca54e9000 rw-s 00000000 00:05 63978                      /drm mm object (deleted)
7f7ca54e9000-7f7ca54f1000 rw-s 00000000 00:05 63974                      /drm mm object (deleted)
7f7ca54f1000-7f7ca5501000 rw-s 00000000 00:05 63973                      /drm mm object (deleted)
7f7ca5501000-7f7ca5509000 rw-s 00000000 00:05 63972                      /drm mm object (deleted)
7f7ca5509000-7f7ca5519000 rw-s 00000000 00:05 63971                      /drm mm object (deleted)
7f7ca5519000-7f7ca5521000 rw-s 00000000 00:05 63970                      /drm mm object (deleted)
7f7ca5521000-7f7ca5531000 rw-s 00000000 00:05 66668                      /drm mm object (deleted)
7f7ca5531000-7f7ca56f1000 rw-s 00000000 00:05 63958                      /drm mm object (deleted)
7f7ca56f1000-7f7ca56f2000 rw-s 00000000 00:05 62260                      /drm mm object (deleted)
7f7ca56f2000-7f7ca56f4000 rw-s 113bc3000 00:06 14834                     /dev/dri/card1
7f7ca56f4000-7f7ca56f5000 rw-s 00000000 00:05 62259                      /drm mm object (deleted)
7f7ca56f5000-7f7ca58f5000 rw-p 00000000 00:00 0 
7f7ca58f5000-7f7ca5905000 rw-s 00000000 00:05 66669                      /drm mm object (deleted)
7f7ca5905000-7f7ca590d000 rw-s 00000000 00:05 62266                      /drm mm object (deleted)
7f7ca590d000-7f7ca596d000 rw-s 00000000 00:05 62265                      /drm mm object (deleted)
7f7ca596d000-7f7ca597b000 rw-s 00000000 00:05 62264                      /drm mm object (deleted)
7f7ca597b000-7f7ca598b000 rw-s 00000000 00:05 62263                      /drm mm object (deleted)
7f7ca598b000-7f7ca5997000 rw-s 00000000 00:05 63954                      /drm mm object (deleted)
7f7ca5997000-7f7ca59aa000 r--s 00345000 08:02 23335418                   /usr/lib/jvm/java-8-openjdk-amd64/jre/lib/resources.jar
7f7ca59aa000-7f7ca59ad000 ---p 00000000 00:00 0 
7f7ca59ad000-7f7ca5aab000 rw-p 00000000 00:00 0                          [stack:12194]
7f7ca5aab000-7f7ca5b61000 r--p 00000000 08:02 22676719                   /usr/share/fonts/truetype/dejavu/DejaVuSans.ttf
7f7ca5b61000-7f7ca5d61000 rw-p 00000000 00:00 0 
7f7ca5d61000-7f7ca5d62000 ---p 00000000 00:00 0 
7f7ca5d62000-7f7ca6562000 rw-p 00000000 00:00 0                          [stack:12193]
7f7ca6562000-7f7ca6563000 r--s 00000000 08:02 2621718                    /var/cache/fontconfig/c05880de57d1f5e948fdfacc138775d9-le64.cache-4
7f7ca6563000-7f7ca656e000 r--s 00000000 08:02 2621710                    /var/cache/fontconfig/945677eb7aeaf62f1d50efc3fb3ec7d8-le64.cache-4
7f7ca656e000-7f7ca6570000 r--s 00000000 08:02 2626245                    /var/cache/fontconfig/99e8ed0e538f840c565b6ed5dad60d56-le64.cache-4
7f7ca6570000-7f7ca6579000 r--s 00000000 08:02 2626236                    /var/cache/fontconfig/a6d8cf8e4ec09cdbc8633c31745a07dd-le64.cache-4
7f7ca6579000-7f7ca657f000 r--s 00000000 08:02 2621695                    /var/cache/fontconfig/2cd17615ca594fa2959ae173292e504c-le64.cache-4
7f7ca657f000-7f7ca6580000 r--s 00000000 08:02 2621692                    /var/cache/fontconfig/0d8c3b2ac0904cb8a57a757ad11a4a08-le64.cache-4
7f7ca6580000-7f7ca6587000 r--s 00000000 08:02 2621714                    /var/cache/fontconfig/a755afe4a08bf5b97852ceb7400b47bc-le64.cache-4
7f7ca6587000-7f7ca659d000 r--s 00000000 08:02 2621690                    /var/cache/fontconfig/04aabc0a78ac019cf9454389977116d2-le64.cache-4
7f7ca659d000-7f7ca65a1000 r--s 00000000 08:02 2621698                    /var/cache/fontconfig/385c0604a188198f04d133e54aba7fe7-le64.cache-4
7f7ca65a1000-7f7ca65a6000 r--s 00000000 08:02 2621709                    /var/cache/fontconfig/8801497958630a81b71ace7c5f9b32a8-le64.cache-4
7f7ca65a6000-7f7ca65ab000 r-xp 00000000 08:02 23341154                   /usr/lib/jvm/java-8-openjdk-amd64/jre/lib/amd64/libjavafx_font_freetype.so
7f7ca65ab000-7f7ca67aa000 ---p 00005000 08:02 23341154                   /usr/lib/jvm/java-8-openjdk-amd64/jre/lib/amd64/libjavafx_font_freetype.so
7f7ca67aa000-7f7ca67ab000 r--p 00004000 08:02 23341154                   /usr/lib/jvm/java-8-openjdk-amd64/jre/lib/amd64/libjavafx_font_freetype.so
7f7ca67ab000-7f7ca67ac000 rw-p 00005000 08:02 23341154                   /usr/lib/jvm/java-8-openjdk-amd64/jre/lib/amd64/libjavafx_font_freetype.so
7f7ca67ac000-7f7ca67af000 r-xp 00000000 08:02 23341156                   /usr/lib/jvm/java-8-openjdk-amd64/jre/lib/amd64/libjavafx_font.so
7f7ca67af000-7f7ca69ae000 ---p 00003000 08:02 23341156                   /usr/lib/jvm/java-8-openjdk-amd64/jre/lib/amd64/libjavafx_font.so
7f7ca69ae000-7f7ca69af000 r--p 00002000 08:02 23341156                   /usr/lib/jvm/java-8-openjdk-amd64/jre/lib/amd64/libjavafx_font.so
7f7ca69af000-7f7ca69b0000 rw-p 00003000 08:02 23341156                   /usr/lib/jvm/java-8-openjdk-amd64/jre/lib/amd64/libjavafx_font.so
7f7ca69b0000-7f7ca6bb0000 rw-p 00000000 00:00 0 
7f7ca6bb0000-7f7ca6bb3000 ---p 00000000 00:00 0 
7f7ca6bb3000-7f7ca6cb1000 rw-p 00000000 00:00 0                          [stack:12192]
7f7ca6cb1000-7f7ca6cb4000 ---p 00000000 00:00 0 
7f7ca6cb4000-7f7ca6db2000 rw-p 00000000 00:00 0                          [stack:12191]
7f7ca6db2000-7f7ca6dbd000 r-xp 00000000 08:02 21889958                   /usr/lib/x86_64-linux-gnu/gio/modules/libdconfsettings.so
7f7ca6dbd000-7f7ca6fbd000 ---p 0000b000 08:02 21889958                   /usr/lib/x86_64-linux-gnu/gio/modules/libdconfsettings.so
7f7ca6fbd000-7f7ca6fbe000 r--p 0000b000 08:02 21889958                   /usr/lib/x86_64-linux-gnu/gio/modules/libdconfsettings.so
7f7ca6fbe000-7f7ca6fbf000 rw-p 0000c000 08:02 21889958                   /usr/lib/x86_64-linux-gnu/gio/modules/libdconfsettings.so
7f7ca6fbf000-7f7ca6fc6000 r-xp 00000000 08:02 21504536                   /usr/lib/x86_64-linux-gnu/libogg.so.0.8.2
7f7ca6fc6000-7f7ca71c6000 ---p 00007000 08:02 21504536                   /usr/lib/x86_64-linux-gnu/libogg.so.0.8.2
7f7ca71c6000-7f7ca71c7000 r--p 00007000 08:02 21504536                   /usr/lib/x86_64-linux-gnu/libogg.so.0.8.2
7f7ca71c7000-7f7ca71c8000 rw-p 00008000 08:02 21504536                   /usr/lib/x86_64-linux-gnu/libogg.so.0.8.2
7f7ca71c8000-7f7ca71f3000 r-xp 00000000 08:02 21504838                   /usr/lib/x86_64-linux-gnu/libvorbis.so.0.4.7
7f7ca71f3000-7f7ca73f2000 ---p 0002b000 08:02 21504838                   /usr/lib/x86_64-linux-gnu/libvorbis.so.0.4.7
7f7ca73f2000-7f7ca73f3000 r--p 0002a000 08:02 21504838                   /usr/lib/x86_64-linux-gnu/libvorbis.so.0.4.7
7f7ca73f3000-7f7ca73f4000 rw-p 0002b000 08:02 21504838                   /usr/lib/x86_64-linux-gnu/libvorbis.so.0.4.7
7f7ca73f4000-7f7ca73fd000 r-xp 00000000 08:02 21504431                   /usr/lib/x86_64-linux-gnu/libltdl.so.7.3.0
7f7ca73fd000-7f7ca75fc000 ---p 00009000 08:02 21504431                   /usr/lib/x86_64-linux-gnu/libltdl.so.7.3.0
7f7ca75fc000-7f7ca75fd000 r--p 00008000 08:02 21504431                   /usr/lib/x86_64-linux-gnu/libltdl.so.7.3.0
7f7ca75fd000-7f7ca75fe000 rw-p 00009000 08:02 21504431                   /usr/lib/x86_64-linux-gnu/libltdl.so.7.3.0
7f7ca75fe000-7f7ca7612000 r-xp 00000000 08:02 21504753                   /usr/lib/x86_64-linux-gnu/libtdb.so.1.3.4
7f7ca7612000-7f7ca7811000 ---p 00014000 08:02 21504753                   /usr/lib/x86_64-linux-gnu/libtdb.so.1.3.4
7f7ca7811000-7f7ca7812000 r--p 00013000 08:02 21504753                   /usr/lib/x86_64-linux-gnu/libtdb.so.1.3.4
7f7ca7812000-7f7ca7813000 rw-p 00014000 08:02 21504753                   /usr/lib/x86_64-linux-gnu/libtdb.so.1.3.4
7f7ca7813000-7f7ca781a000 r-xp 00000000 08:02 21504842                   /usr/lib/x86_64-linux-gnu/libvorbisfile.so.3.3.6
7f7ca781a000-7f7ca7a1a000 ---p 00007000 08:02 21504842                   /usr/lib/x86_64-linux-gnu/libvorbisfile.so.3.3.6
7f7ca7a1a000-7f7ca7a1b000 r--p 00007000 08:02 21504842                   /usr/lib/x86_64-linux-gnu/libvorbisfile.so.3.3.6
7f7ca7a1b000-7f7ca7a1c000 rw-p 00008000 08:02 21504842                   /usr/lib/x86_64-linux-gnu/libvorbisfile.so.3.3.6
7f7ca7a1c000-7f7ca7a2c000 r-xp 00000000 08:02 21503906                   /usr/lib/x86_64-linux-gnu/libcanberra.so.0.2.5
7f7ca7a2c000-7f7ca7c2c000 ---p 00010000 08:02 21503906                   /usr/lib/x86_64-linux-gnu/libcanberra.so.0.2.5
7f7ca7c2c000-7f7ca7c2d000 r--p 00010000 08:02 21503906                   /usr/lib/x86_64-linux-gnu/libcanberra.so.0.2.5
7f7ca7c2d000-7f7ca7c2e000 rw-p 00011000 08:02 21503906                   /usr/lib/x86_64-linux-gnu/libcanberra.so.0.2.5
7f7ca7c2e000-7f7ca7c32000 r-xp 00000000 08:02 21503902                   /usr/lib/x86_64-linux-gnu/libcanberra-gtk.so.0.1.9
7f7ca7c32000-7f7ca7e31000 ---p 00004000 08:02 21503902                   /usr/lib/x86_64-linux-gnu/libcanberra-gtk.so.0.1.9
7f7ca7e31000-7f7ca7e32000 r--p 00003000 08:02 21503902                   /usr/lib/x86_64-linux-gnu/libcanberra-gtk.so.0.1.9
7f7ca7e32000-7f7ca7e33000 rw-p 00004000 08:02 21503902                   /usr/lib/x86_64-linux-gnu/libcanberra-gtk.so.0.1.9
7f7ca7e33000-7f7ca7e38000 r-xp 00000000 08:02 21890280                   /usr/lib/x86_64-linux-gnu/gtk-2.0/modules/libcanberra-gtk-module.so
7f7ca7e38000-7f7ca8037000 ---p 00005000 08:02 21890280                   /usr/lib/x86_64-linux-gnu/gtk-2.0/modules/libcanberra-gtk-module.so
7f7ca8037000-7f7ca8038000 r--p 00004000 08:02 21890280                   /usr/lib/x86_64-linux-gnu/gtk-2.0/modules/libcanberra-gtk-module.so
7f7ca8038000-7f7ca8039000 rw-p 00005000 08:02 21890280                   /usr/lib/x86_64-linux-gnu/gtk-2.0/modules/libcanberra-gtk-module.so
7f7ca8039000-7f7ca8068000 r-xp 00000000 08:02 21890261                   /usr/lib/x86_64-linux-gnu/gtk-2.0/2.10.0/engines/libmurrine.so
7f7ca8068000-7f7ca8268000 ---p 0002f000 08:02 21890261                   /usr/lib/x86_64-linux-gnu/gtk-2.0/2.10.0/engines/libmurrine.so
7f7ca8268000-7f7ca8269000 r--p 0002f000 08:02 21890261                   /usr/lib/x86_64-linux-gnu/gtk-2.0/2.10.0/engines/libmurrine.so
7f7ca8269000-7f7ca826a000 rw-p 00030000 08:02 21890261                   /usr/lib/x86_64-linux-gnu/gtk-2.0/2.10.0/engines/libmurrine.so
7f7ca826a000-7f7ca827a000 r-xp 00000000 08:02 21504807                   /usr/lib/x86_64-linux-gnu/libunity-gtk2-parser.so.0.0.0
7f7ca827a000-7f7ca847a000 ---p 00010000 08:02 21504807                   /usr/lib/x86_64-linux-gnu/libunity-gtk2-parser.so.0.0.0
7f7ca847a000-7f7ca847b000 r--p 00010000 08:02 21504807                   /usr/lib/x86_64-linux-gnu/libunity-gtk2-parser.so.0.0.0
7f7ca847b000-7f7ca847c000 rw-p 00011000 08:02 21504807                   /usr/lib/x86_64-linux-gnu/libunity-gtk2-parser.so.0.0.0
7f7ca847c000-7f7ca8481000 r-xp 00000000 08:02 21890284                   /usr/lib/x86_64-linux-gnu/gtk-2.0/modules/libunity-gtk-module.so
7f7ca8481000-7f7ca8680000 ---p 00005000 08:02 21890284                   /usr/lib/x86_64-linux-gnu/gtk-2.0/modules/libunity-gtk-module.so
7f7ca8680000-7f7ca8681000 r--p 00004000 08:02 21890284                   /usr/lib/x86_64-linux-gnu/gtk-2.0/modules/libunity-gtk-module.so
7f7ca8681000-7f7ca8682000 rw-p 00005000 08:02 21890284                   /usr/lib/x86_64-linux-gnu/gtk-2.0/modules/libunity-gtk-module.so
7f7ca8682000-7f7ca8693000 r-xp 00000000 08:02 21890283                   /usr/lib/x86_64-linux-gnu/gtk-2.0/modules/liboverlay-scrollbar.so
7f7ca8693000-7f7ca8893000 ---p 00011000 08:02 21890283                   /usr/lib/x86_64-linux-gnu/gtk-2.0/modules/liboverlay-scrollbar.so
7f7ca8893000-7f7ca8894000 r--p 00011000 08:02 21890283                   /usr/lib/x86_64-linux-gnu/gtk-2.0/modules/liboverlay-scrollbar.so
7f7ca8894000-7f7ca8895000 rw-p 00012000 08:02 21890283                   /usr/lib/x86_64-linux-gnu/gtk-2.0/modules/liboverlay-scrollbar.so
7f7ca8895000-7f7ca889b000 r-xp 00000000 08:02 21503977                   /usr/lib/x86_64-linux-gnu/libdatrie.so.1.3.1
7f7ca889b000-7f7ca8a9a000 ---p 00006000 08:02 21503977                   /usr/lib/x86_64-linux-gnu/libdatrie.so.1.3.1
7f7ca8a9a000-7f7ca8a9b000 r--p 00005000 08:02 21503977                   /usr/lib/x86_64-linux-gnu/libdatrie.so.1.3.1
7f7ca8a9b000-7f7ca8a9c000 rw-p 00006000 08:02 21503977                   /usr/lib/x86_64-linux-gnu/libdatrie.so.1.3.1
7f7ca8a9c000-7f7ca8ab6000 r-xp 00000000 08:02 21504219                   /usr/lib/x86_64-linux-gnu/libgraphite2.so.3.0.1
7f7ca8ab6000-7f7ca8cb5000 ---p 0001a000 08:02 21504219                   /usr/lib/x86_64-linux-gnu/libgraphite2.so.3.0.1
7f7ca8cb5000-7f7ca8cb7000 r--p 00019000 08:02 21504219                   /usr/lib/x86_64-linux-gnu/libgraphite2.so.3.0.1
7f7ca8cb7000-7f7ca8cb8000 rw-p 0001b000 08:02 21504219                   /usr/lib/x86_64-linux-gnu/libgraphite2.so.3.0.1
7f7ca8cb8000-7f7ca8cc0000 r-xp 00000000 08:02 21504765                   /usr/lib/x86_64-linux-gnu/libthai.so.0.2.0
7f7ca8cc0000-7f7ca8ebf000 ---p 00008000 08:02 21504765                   /usr/lib/x86_64-linux-gnu/libthai.so.0.2.0
7f7ca8ebf000-7f7ca8ec0000 r--p 00007000 08:02 21504765                   /usr/lib/x86_64-linux-gnu/libthai.so.0.2.0
7f7ca8ec0000-7f7ca8ec1000 rw-p 00008000 08:02 21504765                   /usr/lib/x86_64-linux-gnu/libthai.so.0.2.0
7f7ca8ec1000-7f7ca8f16000 r-xp 00000000 08:02 21504341                   /usr/lib/x86_64-linux-gnu/libharfbuzz.so.0.937.0
7f7ca8f16000-7f7ca9115000 ---p 00055000 08:02 21504341                   /usr/lib/x86_64-linux-gnu/libharfbuzz.so.0.937.0
7f7ca9115000-7f7ca9117000 r--p 00054000 08:02 21504341                   /usr/lib/x86_64-linux-gnu/libharfbuzz.so.0.937.0
7f7ca9117000-7f7ca9118000 rw-p 00056000 08:02 21504341                   /usr/lib/x86_64-linux-gnu/libharfbuzz.so.0.937.0
7f7ca9118000-7f7ca9184000 r-xp 00000000 08:02 17956960                   /lib/x86_64-linux-gnu/libpcre.so.3.13.1
7f7ca9184000-7f7ca9383000 ---p 0006c000 08:02 17956960                   /lib/x86_64-linux-gnu/libpcre.so.3.13.1
7f7ca9383000-7f7ca9384000 r--p 0006b000 08:02 17956960                   /lib/x86_64-linux-gnu/libpcre.so.3.13.1
7f7ca9384000-7f7ca9385000 rw-p 0006c000 08:02 17956960                   /lib/x86_64-linux-gnu/libpcre.so.3.13.1
7f7ca9385000-7f7ca938c000 r-xp 00000000 08:02 21504070                   /usr/lib/x86_64-linux-gnu/libffi.so.6.0.4
7f7ca938c000-7f7ca958b000 ---p 00007000 08:02 21504070                   /usr/lib/x86_64-linux-gnu/libffi.so.6.0.4
7f7ca958b000-7f7ca958c000 r--p 00006000 08:02 21504070                   /usr/lib/x86_64-linux-gnu/libffi.so.6.0.4
7f7ca958c000-7f7ca958d000 rw-p 00007000 08:02 21504070                   /usr/lib/x86_64-linux-gnu/libffi.so.6.0.4
7f7ca958d000-7f7ca95a4000 r-xp 00000000 08:02 17961222                   /lib/x86_64-linux-gnu/libresolv-2.21.so
7f7ca95a4000-7f7ca97a4000 ---p 00017000 08:02 17961222                   /lib/x86_64-linux-gnu/libresolv-2.21.so
7f7ca97a4000-7f7ca97a6000 r--p 00017000 08:02 17961222                   /lib/x86_64-linux-gnu/libresolv-2.21.so
7f7ca97a6000-7f7ca97a7000 rw-p 00019000 08:02 17961222                   /lib/x86_64-linux-gnu/libresolv-2.21.so
7f7ca97a7000-7f7ca97a9000 rw-p 00000000 00:00 0 
7f7ca97a9000-7f7ca97ca000 r-xp 00000000 08:02 17961226                   /lib/x86_64-linux-gnu/libselinux.so.1
7f7ca97ca000-7f7ca99c9000 ---p 00021000 08:02 17961226                   /lib/x86_64-linux-gnu/libselinux.so.1
7f7ca99c9000-7f7ca99ca000 r--p 00020000 08:02 17961226                   /lib/x86_64-linux-gnu/libselinux.so.1
7f7ca99ca000-7f7ca99cb000 rw-p 00021000 08:02 17961226                   /lib/x86_64-linux-gnu/libselinux.so.1
7f7ca99cb000-7f7ca99cd000 rw-p 00000000 00:00 0 
7f7ca99cd000-7f7ca99d5000 r-xp 00000000 08:02 21504935                   /usr/lib/x86_64-linux-gnu/libxcb-render.so.0.0.0
7f7ca99d5000-7f7ca9bd4000 ---p 00008000 08:02 21504935                   /usr/lib/x86_64-linux-gnu/libxcb-render.so.0.0.0
7f7ca9bd4000-7f7ca9bd5000 r--p 00007000 08:02 21504935                   /usr/lib/x86_64-linux-gnu/libxcb-render.so.0.0.0
7f7ca9bd5000-7f7ca9bd6000 rw-p 00008000 08:02 21504935                   /usr/lib/x86_64-linux-gnu/libxcb-render.so.0.0.0
7f7ca9bd6000-7f7ca9bd8000 r-xp 00000000 08:02 21504939                   /usr/lib/x86_64-linux-gnu/libxcb-shm.so.0.0.0
7f7ca9bd8000-7f7ca9dd7000 ---p 00002000 08:02 21504939                   /usr/lib/x86_64-linux-gnu/libxcb-shm.so.0.0.0
7f7ca9dd7000-7f7ca9dd8000 r--p 00001000 08:02 21504939                   /usr/lib/x86_64-linux-gnu/libxcb-shm.so.0.0.0
7f7ca9dd8000-7f7ca9dd9000 rw-p 00002000 08:02 21504939                   /usr/lib/x86_64-linux-gnu/libxcb-shm.so.0.0.0
7f7ca9dd9000-7f7ca9dfe000 r-xp 00000000 08:02 17957114                   /lib/x86_64-linux-gnu/libpng12.so.0.51.0
7f7ca9dfe000-7f7ca9ffd000 ---p 00025000 08:02 17957114                   /lib/x86_64-linux-gnu/libpng12.so.0.51.0
7f7ca9ffd000-7f7ca9ffe000 r--p 00024000 08:02 17957114                   /lib/x86_64-linux-gnu/libpng12.so.0.51.0
7f7ca9ffe000-7f7ca9fff000 rw-p 00025000 08:02 17957114                   /lib/x86_64-linux-gnu/libpng12.so.0.51.0
7f7ca9fff000-7f7caa0a1000 r-xp 00000000 08:02 21496115                   /usr/lib/x86_64-linux-gnu/libfreetype.so.6.11.1
7f7caa0a1000-7f7caa2a0000 ---p 000a2000 08:02 21496115                   /usr/lib/x86_64-linux-gnu/libfreetype.so.6.11.1
7f7caa2a0000-7f7caa2a6000 r--p 000a1000 08:02 21496115                   /usr/lib/x86_64-linux-gnu/libfreetype.so.6.11.1
7f7caa2a6000-7f7caa2a7000 rw-p 000a7000 08:02 21496115                   /usr/lib/x86_64-linux-gnu/libfreetype.so.6.11.1
7f7caa2a7000-7f7caa34c000 r-xp 00000000 08:02 21504577                   /usr/lib/x86_64-linux-gnu/libpixman-1.so.0.32.6
7f7caa34c000-7f7caa54b000 ---p 000a5000 08:02 21504577                   /usr/lib/x86_64-linux-gnu/libpixman-1.so.0.32.6
7f7caa54b000-7f7caa553000 r--p 000a4000 08:02 21504577                   /usr/lib/x86_64-linux-gnu/libpixman-1.so.0.32.6
7f7caa553000-7f7caa554000 rw-p 000ac000 08:02 21504577                   /usr/lib/x86_64-linux-gnu/libpixman-1.so.0.32.6
7f7caa554000-7f7caa556000 r-xp 00000000 08:02 21503756                   /usr/lib/x86_64-linux-gnu/libXcomposite.so.1.0.0
7f7caa556000-7f7caa755000 ---p 00002000 08:02 21503756                   /usr/lib/x86_64-linux-gnu/libXcomposite.so.1.0.0
7f7caa755000-7f7caa756000 r--p 00001000 08:02 21503756                   /usr/lib/x86_64-linux-gnu/libXcomposite.so.1.0.0
7f7caa756000-7f7caa757000 rw-p 00002000 08:02 21503756                   /usr/lib/x86_64-linux-gnu/libXcomposite.so.1.0.0
7f7caa757000-7f7caa760000 r-xp 00000000 08:02 21503758                   /usr/lib/x86_64-linux-gnu/libXcursor.so.1.0.2
7f7caa760000-7f7caa95f000 ---p 00009000 08:02 21503758                   /usr/lib/x86_64-linux-gnu/libXcursor.so.1.0.2
7f7caa95f000-7f7caa960000 r--p 00008000 08:02 21503758                   /usr/lib/x86_64-linux-gnu/libXcursor.so.1.0.2
7f7caa960000-7f7caa961000 rw-p 00009000 08:02 21503758                   /usr/lib/x86_64-linux-gnu/libXcursor.so.1.0.2
7f7caa961000-7f7caa96a000 r-xp 00000000 08:02 21503784                   /usr/lib/x86_64-linux-gnu/libXrandr.so.2.2.0
7f7caa96a000-7f7caab69000 ---p 00009000 08:02 21503784                   /usr/lib/x86_64-linux-gnu/libXrandr.so.2.2.0
7f7caab69000-7f7caab6a000 r--p 00008000 08:02 21503784                   /usr/lib/x86_64-linux-gnu/libXrandr.so.2.2.0
7f7caab6a000-7f7caab6b000 rw-p 00009000 08:02 21503784                   /usr/lib/x86_64-linux-gnu/libXrandr.so.2.2.0
7f7caab6b000-7f7caab7a000 r-xp 00000000 08:02 21503772                   /usr/lib/x86_64-linux-gnu/libXi.so.6.1.0
7f7caab7a000-7f7caad79000 ---p 0000f000 08:02 21503772                   /usr/lib/x86_64-linux-gnu/libXi.so.6.1.0
7f7caad79000-7f7caad7a000 r--p 0000e000 08:02 21503772                   /usr/lib/x86_64-linux-gnu/libXi.so.6.1.0
7f7caad7a000-7f7caad7b000 rw-p 0000f000 08:02 21503772                   /usr/lib/x86_64-linux-gnu/libXi.so.6.1.0
7f7caad7b000-7f7caad7d000 r-xp 00000000 08:02 21503774                   /usr/lib/x86_64-linux-gnu/libXinerama.so.1.0.0
7f7caad7d000-7f7caaf7c000 ---p 00002000 08:02 21503774                   /usr/lib/x86_64-linux-gnu/libXinerama.so.1.0.0
7f7caaf7c000-7f7caaf7d000 r--p 00001000 08:02 21503774                   /usr/lib/x86_64-linux-gnu/libXinerama.so.1.0.0
7f7caaf7d000-7f7caaf7e000 rw-p 00002000 08:02 21503774                   /usr/lib/x86_64-linux-gnu/libXinerama.so.1.0.0
7f7caaf7e000-7f7caaf87000 r-xp 00000000 08:02 21503786                   /usr/lib/x86_64-linux-gnu/libXrender.so.1.3.0
7f7caaf87000-7f7cab186000 ---p 00009000 08:02 21503786                   /usr/lib/x86_64-linux-gnu/libXrender.so.1.3.0
7f7cab186000-7f7cab187000 r--p 00008000 08:02 21503786                   /usr/lib/x86_64-linux-gnu/libXrender.so.1.3.0
7f7cab187000-7f7cab188000 rw-p 00009000 08:02 21503786                   /usr/lib/x86_64-linux-gnu/libXrender.so.1.3.0
7f7cab188000-7f7cab1c4000 r-xp 00000000 08:02 21504084                   /usr/lib/x86_64-linux-gnu/libfontconfig.so.1.8.0
7f7cab1c4000-7f7cab3c3000 ---p 0003c000 08:02 21504084                   /usr/lib/x86_64-linux-gnu/libfontconfig.so.1.8.0
7f7cab3c3000-7f7cab3c5000 r--p 0003b000 08:02 21504084                   /usr/lib/x86_64-linux-gnu/libfontconfig.so.1.8.0
7f7cab3c5000-7f7cab3c6000 rw-p 0003d000 08:02 21504084                   /usr/lib/x86_64-linux-gnu/libfontconfig.so.1.8.0
7f7cab3c6000-7f7cab411000 r-xp 00000000 08:02 21504552                   /usr/lib/x86_64-linux-gnu/libpango-1.0.so.0.3600.8
7f7cab411000-7f7cab611000 ---p 0004b000 08:02 21504552                   /usr/lib/x86_64-linux-gnu/libpango-1.0.so.0.3600.8
7f7cab611000-7f7cab613000 r--p 0004b000 08:02 21504552                   /usr/lib/x86_64-linux-gnu/libpango-1.0.so.0.3600.8
7f7cab613000-7f7cab614000 rw-p 0004d000 08:02 21504552                   /usr/lib/x86_64-linux-gnu/libpango-1.0.so.0.3600.8
7f7cab614000-7f7cab628000 r-xp 00000000 08:02 21504556                   /usr/lib/x86_64-linux-gnu/libpangoft2-1.0.so.0.3600.8
7f7cab628000-7f7cab828000 ---p 00014000 08:02 21504556                   /usr/lib/x86_64-linux-gnu/libpangoft2-1.0.so.0.3600.8
7f7cab828000-7f7cab829000 r--p 00014000 08:02 21504556                   /usr/lib/x86_64-linux-gnu/libpangoft2-1.0.so.0.3600.8
7f7cab829000-7f7cab82a000 rw-p 00015000 08:02 21504556                   /usr/lib/x86_64-linux-gnu/libpangoft2-1.0.so.0.3600.8
7f7cab82a000-7f7cab84c000 r-xp 00000000 08:02 21503843                   /usr/lib/x86_64-linux-gnu/libatk-1.0.so.0.21409.1
7f7cab84c000-7f7caba4b000 ---p 00022000 08:02 21503843                   /usr/lib/x86_64-linux-gnu/libatk-1.0.so.0.21409.1
7f7caba4b000-7f7caba4e000 r--p 00021000 08:02 21503843                   /usr/lib/x86_64-linux-gnu/libatk-1.0.so.0.21409.1
7f7caba4e000-7f7caba4f000 rw-p 00024000 08:02 21503843                   /usr/lib/x86_64-linux-gnu/libatk-1.0.so.0.21409.1
7f7caba4f000-7f7caba5b000 r-xp 00000000 08:02 21504554                   /usr/lib/x86_64-linux-gnu/libpangocairo-1.0.so.0.3600.8
7f7caba5b000-7f7cabc5a000 ---p 0000c000 08:02 21504554                   /usr/lib/x86_64-linux-gnu/libpangocairo-1.0.so.0.3600.8
7f7cabc5a000-7f7cabc5b000 r--p 0000b000 08:02 21504554                   /usr/lib/x86_64-linux-gnu/libpangocairo-1.0.so.0.3600.8
7f7cabc5b000-7f7cabc5c000 rw-p 0000c000 08:02 21504554                   /usr/lib/x86_64-linux-gnu/libpangocairo-1.0.so.0.3600.8
7f7cabc5c000-7f7cabc5f000 r-xp 00000000 08:02 21496231                   /usr/lib/x86_64-linux-gnu/libgmodule-2.0.so.0.4400.1
7f7cabc5f000-7f7cabe5e000 ---p 00003000 08:02 21496231                   /usr/lib/x86_64-linux-gnu/libgmodule-2.0.so.0.4400.1
7f7cabe5e000-7f7cabe5f000 r--p 00002000 08:02 21496231                   /usr/lib/x86_64-linux-gnu/libgmodule-2.0.so.0.4400.1
7f7cabe5f000-7f7cabe60000 rw-p 00003000 08:02 21496231                   /usr/lib/x86_64-linux-gnu/libgmodule-2.0.so.0.4400.1
7f7cabe60000-7f7cabe65000 r-xp 00000000 08:02 21503792                   /usr/lib/x86_64-linux-gnu/libXtst.so.6.1.0
7f7cabe65000-7f7cac064000 ---p 00005000 08:02 21503792                   /usr/lib/x86_64-linux-gnu/libXtst.so.6.1.0
7f7cac064000-7f7cac065000 r--p 00004000 08:02 21503792                   /usr/lib/x86_64-linux-gnu/libXtst.so.6.1.0
7f7cac065000-7f7cac066000 rw-p 00005000 08:02 21503792                   /usr/lib/x86_64-linux-gnu/libXtst.so.6.1.0
7f7cac066000-7f7cac173000 r-xp 00000000 08:02 17960990                   /lib/x86_64-linux-gnu/libglib-2.0.so.0.4400.1
7f7cac173000-7f7cac372000 ---p 0010d000 08:02 17960990                   /lib/x86_64-linux-gnu/libglib-2.0.so.0.4400.1
7f7cac372000-7f7cac373000 r--p 0010c000 08:02 17960990                   /lib/x86_64-linux-gnu/libglib-2.0.so.0.4400.1
7f7cac373000-7f7cac374000 rw-p 0010d000 08:02 17960990                   /lib/x86_64-linux-gnu/libglib-2.0.so.0.4400.1
7f7cac374000-7f7cac375000 rw-p 00000000 00:00 0 
7f7cac375000-7f7cac3c5000 r-xp 00000000 08:02 21496191                   /usr/lib/x86_64-linux-gnu/libgobject-2.0.so.0.4400.1
7f7cac3c5000-7f7cac5c5000 ---p 00050000 08:02 21496191                   /usr/lib/x86_64-linux-gnu/libgobject-2.0.so.0.4400.1
7f7cac5c5000-7f7cac5c6000 r--p 00050000 08:02 21496191                   /usr/lib/x86_64-linux-gnu/libgobject-2.0.so.0.4400.1
7f7cac5c6000-7f7cac5c7000 rw-p 00051000 08:02 21496191                   /usr/lib/x86_64-linux-gnu/libgobject-2.0.so.0.4400.1
7f7cac5c7000-7f7cac73f000 r-xp 00000000 08:02 21496213                   /usr/lib/x86_64-linux-gnu/libgio-2.0.so.0.4400.1
7f7cac73f000-7f7cac93f000 ---p 00178000 08:02 21496213                   /usr/lib/x86_64-linux-gnu/libgio-2.0.so.0.4400.1
7f7cac93f000-7f7cac943000 r--p 00178000 08:02 21496213                   /usr/lib/x86_64-linux-gnu/libgio-2.0.so.0.4400.1
7f7cac943000-7f7cac945000 rw-p 0017c000 08:02 21496213                   /usr/lib/x86_64-linux-gnu/libgio-2.0.so.0.4400.1
7f7cac945000-7f7cac947000 rw-p 00000000 00:00 0 
7f7cac947000-7f7cac968000 r-xp 00000000 08:02 21498803                   /usr/lib/x86_64-linux-gnu/libgdk_pixbuf-2.0.so.0.3100.3
7f7cac968000-7f7cacb67000 ---p 00021000 08:02 21498803                   /usr/lib/x86_64-linux-gnu/libgdk_pixbuf-2.0.so.0.3100.3
7f7cacb67000-7f7cacb68000 r--p 00020000 08:02 21498803                   /usr/lib/x86_64-linux-gnu/libgdk_pixbuf-2.0.so.0.3100.3
7f7cacb68000-7f7cacb69000 rw-p 00021000 08:02 21498803                   /usr/lib/x86_64-linux-gnu/libgdk_pixbuf-2.0.so.0.3100.3
7f7cacb69000-7f7cacc79000 r-xp 00000000 08:02 21503898                   /usr/lib/x86_64-linux-gnu/libcairo.so.2.11400.2
7f7cacc79000-7f7cace79000 ---p 00110000 08:02 21503898                   /usr/lib/x86_64-linux-gnu/libcairo.so.2.11400.2
7f7cace79000-7f7cace7c000 r--p 00110000 08:02 21503898                   /usr/lib/x86_64-linux-gnu/libcairo.so.2.11400.2
7f7cace7c000-7f7cace7d000 rw-p 00113000 08:02 21503898                   /usr/lib/x86_64-linux-gnu/libcairo.so.2.11400.2
7f7cace7d000-7f7cace7f000 rw-p 00000000 00:00 0 
7f7cace7f000-7f7cacf2f000 r-xp 00000000 08:02 21504147                   /usr/lib/x86_64-linux-gnu/libgdk-x11-2.0.so.0.2400.27
7f7cacf2f000-7f7cad12f000 ---p 000b0000 08:02 21504147                   /usr/lib/x86_64-linux-gnu/libgdk-x11-2.0.so.0.2400.27
7f7cad12f000-7f7cad133000 r--p 000b0000 08:02 21504147                   /usr/lib/x86_64-linux-gnu/libgdk-x11-2.0.so.0.2400.27
7f7cad133000-7f7cad135000 rw-p 000b4000 08:02 21504147                   /usr/lib/x86_64-linux-gnu/libgdk-x11-2.0.so.0.2400.27
7f7cad135000-7f7cad572000 r-xp 00000000 08:02 21504316                   /usr/lib/x86_64-linux-gnu/libgtk-x11-2.0.so.0.2400.27
7f7cad572000-7f7cad772000 ---p 0043d000 08:02 21504316                   /usr/lib/x86_64-linux-gnu/libgtk-x11-2.0.so.0.2400.27
7f7cad772000-7f7cad779000 r--p 0043d000 08:02 21504316                   /usr/lib/x86_64-linux-gnu/libgtk-x11-2.0.so.0.2400.27
7f7cad779000-7f7cad77d000 rw-p 00444000 08:02 21504316                   /usr/lib/x86_64-linux-gnu/libgtk-x11-2.0.so.0.2400.27
7f7cad77d000-7f7cad780000 rw-p 00000000 00:00 0 
7f7cad780000-7f7cad7a9000 r-xp 00000000 08:02 23341157                   /usr/lib/jvm/java-8-openjdk-amd64/jre/lib/amd64/libglass.so
7f7cad7a9000-7f7cad9a8000 ---p 00029000 08:02 23341157                   /usr/lib/jvm/java-8-openjdk-amd64/jre/lib/amd64/libglass.so
7f7cad9a8000-7f7cad9aa000 r--p 00028000 08:02 23341157                   /usr/lib/jvm/java-8-openjdk-amd64/jre/lib/amd64/libglass.so
7f7cad9aa000-7f7cad9ab000 rw-p 0002a000 08:02 23341157                   /usr/lib/jvm/java-8-openjdk-amd64/jre/lib/amd64/libglass.so
7f7cad9ab000-7f7cad9ac000 rw-p 00000000 00:00 0 
7f7cad9ac000-7f7cad9e3000 r-xp 00000000 08:02 21504788                   /usr/lib/x86_64-linux-gnu/libtxc_dxtn_s2tc.so.0.0.0
7f7cad9e3000-7f7cadbe2000 ---p 00037000 08:02 21504788                   /usr/lib/x86_64-linux-gnu/libtxc_dxtn_s2tc.so.0.0.0
7f7cadbe2000-7f7cadbe3000 r--p 00036000 08:02 21504788                   /usr/lib/x86_64-linux-gnu/libtxc_dxtn_s2tc.so.0.0.0
7f7cadbe3000-7f7cadbe4000 rw-p 00037000 08:02 21504788                   /usr/lib/x86_64-linux-gnu/libtxc_dxtn_s2tc.so.0.0.0
7f7cadbe4000-7f7cadbec000 r-xp 00000000 08:02 21504568                   /usr/lib/x86_64-linux-gnu/libpciaccess.so.0.11.1
7f7cadbec000-7f7caddeb000 ---p 00008000 08:02 21504568                   /usr/lib/x86_64-linux-gnu/libpciaccess.so.0.11.1
7f7caddeb000-7f7caddec000 r--p 00007000 08:02 21504568                   /usr/lib/x86_64-linux-gnu/libpciaccess.so.0.11.1
7f7caddec000-7f7cadded000 rw-p 00008000 08:02 21504568                   /usr/lib/x86_64-linux-gnu/libpciaccess.so.0.11.1
7f7cadded000-7f7caddf9000 r-xp 00000000 08:02 21504026                   /usr/lib/x86_64-linux-gnu/libdrm_radeon.so.1.0.1
7f7caddf9000-7f7cadff8000 ---p 0000c000 08:02 21504026                   /usr/lib/x86_64-linux-gnu/libdrm_radeon.so.1.0.1
7f7cadff8000-7f7cadff9000 r--p 0000b000 08:02 21504026                   /usr/lib/x86_64-linux-gnu/libdrm_radeon.so.1.0.1
7f7cadff9000-7f7cadffa000 rw-p 0000c000 08:02 21504026                   /usr/lib/x86_64-linux-gnu/libdrm_radeon.so.1.0.1
7f7cadffa000-7f7cae000000 r-xp 00000000 08:02 21504024                   /usr/lib/x86_64-linux-gnu/libdrm_nouveau.so.2.0.0
7f7cae000000-7f7cae1ff000 ---p 00006000 08:02 21504024                   /usr/lib/x86_64-linux-gnu/libdrm_nouveau.so.2.0.0
7f7cae1ff000-7f7cae200000 r--p 00005000 08:02 21504024                   /usr/lib/x86_64-linux-gnu/libdrm_nouveau.so.2.0.0
7f7cae200000-7f7cae201000 rw-p 00006000 08:02 21504024                   /usr/lib/x86_64-linux-gnu/libdrm_nouveau.so.2.0.0
7f7cae201000-7f7cae222000 r-xp 00000000 08:02 21504022                   /usr/lib/x86_64-linux-gnu/libdrm_intel.so.1.0.0
7f7cae222000-7f7cae421000 ---p 00021000 08:02 21504022                   /usr/lib/x86_64-linux-gnu/libdrm_intel.so.1.0.0
7f7cae421000-7f7cae422000 r--p 00020000 08:02 21504022                   /usr/lib/x86_64-linux-gnu/libdrm_intel.so.1.0.0
7f7cae422000-7f7cae423000 rw-p 00021000 08:02 21504022                   /usr/lib/x86_64-linux-gnu/libdrm_intel.so.1.0.0
7f7cae423000-7f7cae98d000 r-xp 00000000 08:02 21889999                   /usr/lib/x86_64-linux-gnu/dri/i965_dri.so
7f7cae98d000-7f7caeb8c000 ---p 0056a000 08:02 21889999                   /usr/lib/x86_64-linux-gnu/dri/i965_dri.so
7f7caeb8c000-7f7caebaf000 r--p 00569000 08:02 21889999                   /usr/lib/x86_64-linux-gnu/dri/i965_dri.so
7f7caebaf000-7f7caebb5000 rw-p 0058c000 08:02 21889999                   /usr/lib/x86_64-linux-gnu/dri/i965_dri.so
7f7caebb5000-7f7caebbd000 rw-p 00000000 00:00 0 
7f7caebbd000-7f7caebcf000 r-xp 00000000 08:02 17956964                   /lib/x86_64-linux-gnu/libudev.so.1.6.2
7f7caebcf000-7f7caedce000 ---p 00012000 08:02 17956964                   /lib/x86_64-linux-gnu/libudev.so.1.6.2
7f7caedce000-7f7caedcf000 r--p 00011000 08:02 17956964                   /lib/x86_64-linux-gnu/libudev.so.1.6.2
7f7caedcf000-7f7caedd0000 rw-p 00012000 08:02 17956964                   /lib/x86_64-linux-gnu/libudev.so.1.6.2
7f7caedd0000-7f7caedd5000 r-xp 00000000 08:02 21503762                   /usr/lib/x86_64-linux-gnu/libXdmcp.so.6.0.0
7f7caedd5000-7f7caefd4000 ---p 00005000 08:02 21503762                   /usr/lib/x86_64-linux-gnu/libXdmcp.so.6.0.0
7f7caefd4000-7f7caefd5000 r--p 00004000 08:02 21503762                   /usr/lib/x86_64-linux-gnu/libXdmcp.so.6.0.0
7f7caefd5000-7f7caefd6000 rw-p 00005000 08:02 21503762                   /usr/lib/x86_64-linux-gnu/libXdmcp.so.6.0.0
7f7caefd6000-7f7caefd8000 r-xp 00000000 08:02 21503751                   /usr/lib/x86_64-linux-gnu/libXau.so.6.0.0
7f7caefd8000-7f7caf1d8000 ---p 00002000 08:02 21503751                   /usr/lib/x86_64-linux-gnu/libXau.so.6.0.0
7f7caf1d8000-7f7caf1d9000 r--p 00002000 08:02 21503751                   /usr/lib/x86_64-linux-gnu/libXau.so.6.0.0
7f7caf1d9000-7f7caf1da000 rw-p 00003000 08:02 21503751                   /usr/lib/x86_64-linux-gnu/libXau.so.6.0.0
7f7caf1da000-7f7caf1e6000 r-xp 00000000 08:02 21504020                   /usr/lib/x86_64-linux-gnu/libdrm.so.2.4.0
7f7caf1e6000-7f7caf3e5000 ---p 0000c000 08:02 21504020                   /usr/lib/x86_64-linux-gnu/libdrm.so.2.4.0
7f7caf3e5000-7f7caf3e6000 r--p 0000b000 08:02 21504020                   /usr/lib/x86_64-linux-gnu/libdrm.so.2.4.0
7f7caf3e6000-7f7caf3e7000 rw-p 0000c000 08:02 21504020                   /usr/lib/x86_64-linux-gnu/libdrm.so.2.4.0
7f7caf3e7000-7f7caf3eb000 r-xp 00000000 08:02 21503802                   /usr/lib/x86_64-linux-gnu/libXxf86vm.so.1.0.0
7f7caf3eb000-7f7caf5eb000 ---p 00004000 08:02 21503802                   /usr/lib/x86_64-linux-gnu/libXxf86vm.so.1.0.0
7f7caf5eb000-7f7caf5ec000 r--p 00004000 08:02 21503802                   /usr/lib/x86_64-linux-gnu/libXxf86vm.so.1.0.0
7f7caf5ec000-7f7caf5ed000 rw-p 00005000 08:02 21503802                   /usr/lib/x86_64-linux-gnu/libXxf86vm.so.1.0.0
7f7caf5ed000-7f7caf5ee000 r-xp 00000000 08:02 21504959                   /usr/lib/x86_64-linux-gnu/libxshmfence.so.1.0.0
7f7caf5ee000-7f7caf7ed000 ---p 00001000 08:02 21504959                   /usr/lib/x86_64-linux-gnu/libxshmfence.so.1.0.0
7f7caf7ed000-7f7caf7ee000 r--p 00000000 08:02 21504959                   /usr/lib/x86_64-linux-gnu/libxshmfence.so.1.0.0
7f7caf7ee000-7f7caf7ef000 rw-p 00001000 08:02 21504959                   /usr/lib/x86_64-linux-gnu/libxshmfence.so.1.0.0
7f7caf7ef000-7f7caf7f4000 r-xp 00000000 08:02 21504941                   /usr/lib/x86_64-linux-gnu/libxcb-sync.so.1.0.0
7f7caf7f4000-7f7caf9f3000 ---p 00005000 08:02 21504941                   /usr/lib/x86_64-linux-gnu/libxcb-sync.so.1.0.0
7f7caf9f3000-7f7caf9f4000 r--p 00004000 08:02 21504941                   /usr/lib/x86_64-linux-gnu/libxcb-sync.so.1.0.0
7f7caf9f4000-7f7caf9f5000 rw-p 00005000 08:02 21504941                   /usr/lib/x86_64-linux-gnu/libxcb-sync.so.1.0.0
7f7caf9f5000-7f7caf9f7000 r-xp 00000000 08:02 21504929                   /usr/lib/x86_64-linux-gnu/libxcb-present.so.0.0.0
7f7caf9f7000-7f7cafbf6000 ---p 00002000 08:02 21504929                   /usr/lib/x86_64-linux-gnu/libxcb-present.so.0.0.0
7f7cafbf6000-7f7cafbf7000 r--p 00001000 08:02 21504929                   /usr/lib/x86_64-linux-gnu/libxcb-present.so.0.0.0
7f7cafbf7000-7f7cafbf8000 rw-p 00002000 08:02 21504929                   /usr/lib/x86_64-linux-gnu/libxcb-present.so.0.0.0
7f7cafbf8000-7f7cafbfa000 r-xp 00000000 08:02 21504919                   /usr/lib/x86_64-linux-gnu/libxcb-dri3.so.0.0.0
7f7cafbfa000-7f7cafdf9000 ---p 00002000 08:02 21504919                   /usr/lib/x86_64-linux-gnu/libxcb-dri3.so.0.0.0
7f7cafdf9000-7f7cafdfa000 r--p 00001000 08:02 21504919                   /usr/lib/x86_64-linux-gnu/libxcb-dri3.so.0.0.0
7f7cafdfa000-7f7cafdfb000 rw-p 00002000 08:02 21504919                   /usr/lib/x86_64-linux-gnu/libxcb-dri3.so.0.0.0
7f7cafdfb000-7f7cafdfe000 r-xp 00000000 08:02 21504917                   /usr/lib/x86_64-linux-gnu/libxcb-dri2.so.0.0.0
7f7cafdfe000-7f7cafffe000 ---p 00003000 08:02 21504917                   /usr/lib/x86_64-linux-gnu/libxcb-dri2.so.0.0.0
7f7cafffe000-7f7caffff000 r--p 00003000 08:02 21504917                   /usr/lib/x86_64-linux-gnu/libxcb-dri2.so.0.0.0
7f7caffff000-7f7cb0000000 rw-p 00004000 08:02 21504917                   /usr/lib/x86_64-linux-gnu/libxcb-dri2.so.0.0.0
7f7cb0000000-7f7cb0021000 rw-p 00000000 00:00 0 
7f7cb0021000-7f7cb4000000 ---p 00000000 00:00 0 
7f7cb4000000-7f7cb6683000 rw-p 00000000 00:00 0 
7f7cb6683000-7f7cb8000000 ---p 00000000 00:00 0 
7f7cb8000000-7f7cb8370000 rw-p 00000000 00:00 0 
7f7cb8370000-7f7cbc000000 ---p 00000000 00:00 0 
7f7cbc000000-7f7cbc021000 rw-p 00000000 00:00 0 
7f7cbc021000-7f7cc0000000 ---p 00000000 00:00 0 
7f7cc0000000-7f7cc02ac000 rw-p 00000000 00:00 0 
7f7cc02ac000-7f7cc4000000 ---p 00000000 00:00 0 
7f7cc4000000-7f7cc435a000 rw-p 00000000 00:00 0 
7f7cc435a000-7f7cc8000000 ---p 00000000 00:00 0 
7f7cc8000000-7f7cc8021000 rw-p 00000000 00:00 0 
7f7cc8021000-7f7ccc000000 ---p 00000000 00:00 0 
7f7ccc000000-7f7ccc2a1000 rw-p 00000000 00:00 0 
7f7ccc2a1000-7f7cd0000000 ---p 00000000 00:00 0 
7f7cd0000000-7f7cd0021000 rw-p 00000000 00:00 0 
7f7cd0021000-7f7cd4000000 ---p 00000000 00:00 0 
7f7cd4000000-7f7cd4021000 rw-p 00000000 00:00 0 
7f7cd4021000-7f7cd8000000 ---p 00000000 00:00 0 
7f7cd8000000-7f7cd8021000 rw-p 00000000 00:00 0 
7f7cd8021000-7f7cdc000000 ---p 00000000 00:00 0 
7f7cdc000000-7f7cdc021000 rw-p 00000000 00:00 0 
7f7cdc021000-7f7ce0000000 ---p 00000000 00:00 0 
7f7ce0000000-7f7ce0021000 rw-p 00000000 00:00 0 
7f7ce0021000-7f7ce4000000 ---p 00000000 00:00 0 
7f7ce4000000-7f7ce4021000 rw-p 00000000 00:00 0 
7f7ce4021000-7f7ce8000000 ---p 00000000 00:00 0 
7f7ce8000000-7f7ce8021000 rw-p 00000000 00:00 0 
7f7ce8021000-7f7cec000000 ---p 00000000 00:00 0 
7f7cec000000-7f7cec021000 rw-p 00000000 00:00 0 
7f7cec021000-7f7cf0000000 ---p 00000000 00:00 0 
7f7cf0000000-7f7cf0021000 rw-p 00000000 00:00 0 
7f7cf0021000-7f7cf4000000 ---p 00000000 00:00 0 
7f7cf4000000-7f7cf4001000 r--s 00000000 08:02 2621713                    /var/cache/fontconfig/a6354e3ac43af67bd8d7b8e43c34e49f-le64.cache-4
7f7cf4001000-7f7cf4008000 r--s 00000000 08:02 2621696                    /var/cache/fontconfig/3047814df9a2f067bd2d96a2b9c36e5a-le64.cache-4
7f7cf4008000-7f7cf400e000 r--s 00000000 08:02 2621715                    /var/cache/fontconfig/b47c4e1ecd0709278f4910c18777a504-le64.cache-4
7f7cf400e000-7f7cf4017000 r--s 00000000 08:02 2626137                    /var/cache/fontconfig/52f7bdb7ce746bfd7eaa1985bd9cfa93-le64.cache-4
7f7cf4017000-7f7cf402a000 r--s 00000000 08:02 2621722                    /var/cache/fontconfig/d52a8644073d54c13679302ca1180695-le64.cache-4
7f7cf402a000-7f7cf4034000 r--s 00000000 08:02 2621699                    /var/cache/fontconfig/3f7329c5293ffd510edef78f73874cfd-le64.cache-4
7f7cf4034000-7f7cf403f000 r--s 00000000 08:02 2631934                    /var/cache/fontconfig/d589a48862398ed80a3d6066f4f56f4c-le64.cache-4
7f7cf403f000-7f7cf4042000 ---p 00000000 00:00 0 
7f7cf4042000-7f7cf4140000 rw-p 00000000 00:00 0                          [stack:12190]
7f7cf4140000-7f7cf4184000 r--p 00000000 08:02 22685386                   /usr/share/glib-2.0/schemas/gschemas.compiled
7f7cf4184000-7f7cf4199000 r-xp 00000000 08:02 21504921                   /usr/lib/x86_64-linux-gnu/libxcb-glx.so.0.0.0
7f7cf4199000-7f7cf4398000 ---p 00015000 08:02 21504921                   /usr/lib/x86_64-linux-gnu/libxcb-glx.so.0.0.0
7f7cf4398000-7f7cf439a000 r--p 00014000 08:02 21504921                   /usr/lib/x86_64-linux-gnu/libxcb-glx.so.0.0.0
7f7cf439a000-7f7cf439b000 rw-p 00016000 08:02 21504921                   /usr/lib/x86_64-linux-gnu/libxcb-glx.so.0.0.0
7f7cf439b000-7f7cf439c000 r-xp 00000000 08:02 21503745                   /usr/lib/x86_64-linux-gnu/libX11-xcb.so.1.0.0
7f7cf439c000-7f7cf459b000 ---p 00001000 08:02 21503745                   /usr/lib/x86_64-linux-gnu/libX11-xcb.so.1.0.0
7f7cf459b000-7f7cf459c000 r--p 00000000 08:02 21503745                   /usr/lib/x86_64-linux-gnu/libX11-xcb.so.1.0.0
7f7cf459c000-7f7cf459d000 rw-p 00001000 08:02 21503745                   /usr/lib/x86_64-linux-gnu/libX11-xcb.so.1.0.0
7f7cf459d000-7f7cf45a2000 r-xp 00000000 08:02 21503766                   /usr/lib/x86_64-linux-gnu/libXfixes.so.3.1.0
7f7cf45a2000-7f7cf47a1000 ---p 00005000 08:02 21503766                   /usr/lib/x86_64-linux-gnu/libXfixes.so.3.1.0
7f7cf47a1000-7f7cf47a2000 r--p 00004000 08:02 21503766                   /usr/lib/x86_64-linux-gnu/libXfixes.so.3.1.0
7f7cf47a2000-7f7cf47a3000 rw-p 00005000 08:02 21503766                   /usr/lib/x86_64-linux-gnu/libXfixes.so.3.1.0
7f7cf47a3000-7f7cf47a5000 r-xp 00000000 08:02 21503760                   /usr/lib/x86_64-linux-gnu/libXdamage.so.1.1.0
7f7cf47a5000-7f7cf49a4000 ---p 00002000 08:02 21503760                   /usr/lib/x86_64-linux-gnu/libXdamage.so.1.1.0
7f7cf49a4000-7f7cf49a5000 r--p 00001000 08:02 21503760                   /usr/lib/x86_64-linux-gnu/libXdamage.so.1.1.0
7f7cf49a5000-7f7cf49a6000 rw-p 00002000 08:02 21503760                   /usr/lib/x86_64-linux-gnu/libXdamage.so.1.1.0
7f7cf49a6000-7f7cf49b7000 r-xp 00000000 08:02 21503764                   /usr/lib/x86_64-linux-gnu/libXext.so.6.4.0
7f7cf49b7000-7f7cf4bb6000 ---p 00011000 08:02 21503764                   /usr/lib/x86_64-linux-gnu/libXext.so.6.4.0
7f7cf4bb6000-7f7cf4bb7000 r--p 00010000 08:02 21503764                   /usr/lib/x86_64-linux-gnu/libXext.so.6.4.0
7f7cf4bb7000-7f7cf4bb8000 rw-p 00011000 08:02 21503764                   /usr/lib/x86_64-linux-gnu/libXext.so.6.4.0
7f7cf4bb8000-7f7cf4bdd000 r-xp 00000000 08:02 21501117                   /usr/lib/x86_64-linux-gnu/libglapi.so.0.0.0
7f7cf4bdd000-7f7cf4ddd000 ---p 00025000 08:02 21501117                   /usr/lib/x86_64-linux-gnu/libglapi.so.0.0.0
7f7cf4ddd000-7f7cf4de0000 r--p 00025000 08:02 21501117                   /usr/lib/x86_64-linux-gnu/libglapi.so.0.0.0
7f7cf4de0000-7f7cf4de1000 rw-p 00028000 08:02 21501117                   /usr/lib/x86_64-linux-gnu/libglapi.so.0.0.0
7f7cf4de1000-7f7cf4de2000 rw-p 00000000 00:00 0 
7f7cf4de2000-7f7cf4e08000 r-xp 00000000 08:02 17960978                   /lib/x86_64-linux-gnu/libexpat.so.1.6.0
7f7cf4e08000-7f7cf5007000 ---p 00026000 08:02 17960978                   /lib/x86_64-linux-gnu/libexpat.so.1.6.0
7f7cf5007000-7f7cf500a000 r--p 00025000 08:02 17960978                   /lib/x86_64-linux-gnu/libexpat.so.1.6.0
7f7cf500a000-7f7cf500b000 rw-p 00028000 08:02 17960978                   /lib/x86_64-linux-gnu/libexpat.so.1.6.0
7f7cf500b000-7f7cf5028000 r-xp 00000000 08:02 21504949                   /usr/lib/x86_64-linux-gnu/libxcb.so.1.1.0
7f7cf5028000-7f7cf5228000 ---p 0001d000 08:02 21504949                   /usr/lib/x86_64-linux-gnu/libxcb.so.1.1.0
7f7cf5228000-7f7cf5229000 r--p 0001d000 08:02 21504949                   /usr/lib/x86_64-linux-gnu/libxcb.so.1.1.0
7f7cf5229000-7f7cf522a000 rw-p 0001e000 08:02 21504949                   /usr/lib/x86_64-linux-gnu/libxcb.so.1.1.0
7f7cf522a000-7f7cf52c2000 r-xp 00000000 08:02 21890290                   /usr/lib/x86_64-linux-gnu/mesa/libGL.so.1.2.0
7f7cf52c2000-7f7cf54c1000 ---p 00098000 08:02 21890290                   /usr/lib/x86_64-linux-gnu/mesa/libGL.so.1.2.0
7f7cf54c1000-7f7cf54c4000 r--p 00097000 08:02 21890290                   /usr/lib/x86_64-linux-gnu/mesa/libGL.so.1.2.0
7f7cf54c4000-7f7cf54c5000 rw-p 0009a000 08:02 21890290                   /usr/lib/x86_64-linux-gnu/mesa/libGL.so.1.2.0
7f7cf54c5000-7f7cf54c6000 rw-p 00000000 00:00 0 
7f7cf54c6000-7f7cf55f9000 r-xp 00000000 08:02 21503747                   /usr/lib/x86_64-linux-gnu/libX11.so.6.3.0
7f7cf55f9000-7f7cf57f9000 ---p 00133000 08:02 21503747                   /usr/lib/x86_64-linux-gnu/libX11.so.6.3.0
7f7cf57f9000-7f7cf57fa000 r--p 00133000 08:02 21503747                   /usr/lib/x86_64-linux-gnu/libX11.so.6.3.0
7f7cf57fa000-7f7cf57fe000 rw-p 00134000 08:02 21503747                   /usr/lib/x86_64-linux-gnu/libX11.so.6.3.0
7f7cf57fe000-7f7cf57ff000 rw-p 00000000 00:00 0 
7f7cf57ff000-7f7cf5800000 r--s 00000000 08:02 2621694                    /var/cache/fontconfig/1ac9eb803944fde146138c791f5cc56a-le64.cache-4
7f7cf5800000-7f7cf5801000 r--s 00000000 08:02 2621725                    /var/cache/fontconfig/dc05db6664285cc2f12bf69c139ae4c3-le64.cache-4
7f7cf5801000-7f7cf5803000 r--s 00000000 08:02 2621707                    /var/cache/fontconfig/767a8244fc0220cfb567a839d0392e0b-le64.cache-4
7f7cf5803000-7f7cf5806000 r--s 00000000 08:02 2621708                    /var/cache/fontconfig/e13b20fdb08344e0e664864cc2ede53d-le64.cache-4
7f7cf5806000-7f7cf580e000 rw-s 00000000 00:05 63953                      /drm mm object (deleted)
7f7cf580e000-7f7cf5816000 rw-s 00000000 00:05 63945                      /drm mm object (deleted)
7f7cf5816000-7f7cf581e000 rw-s 00000000 00:05 59300                      /drm mm object (deleted)
7f7cf581e000-7f7cf582a000 r-xp 00000000 08:02 23341159                   /usr/lib/jvm/java-8-openjdk-amd64/jre/lib/amd64/libprism_es2.so
7f7cf582a000-7f7cf5a29000 ---p 0000c000 08:02 23341159                   /usr/lib/jvm/java-8-openjdk-amd64/jre/lib/amd64/libprism_es2.so
7f7cf5a29000-7f7cf5a2a000 r--p 0000b000 08:02 23341159                   /usr/lib/jvm/java-8-openjdk-amd64/jre/lib/amd64/libprism_es2.so
7f7cf5a2a000-7f7cf5a2b000 rw-p 0000c000 08:02 23341159                   /usr/lib/jvm/java-8-openjdk-amd64/jre/lib/amd64/libprism_es2.so
7f7cf5a2b000-7f7cf5a2e000 ---p 00000000 00:00 0 
7f7cf5a2e000-7f7cf5b2c000 rw-p 00000000 00:00 0                          [stack:12189]
7f7cf5b2c000-7f7cf5b46000 r--s 001d3000 08:02 23335422                   /usr/lib/jvm/java-8-openjdk-amd64/jre/lib/ext/nashorn.jar
7f7cf5b46000-7f7cf5bdb000 r--s 008e8000 08:02 23595645                   /usr/share/java/openjfx/jre/lib/ext/jfxrt.jar
7f7cf5bdb000-7f7cf5bdc000 ---p 00000000 00:00 0 
7f7cf5bdc000-7f7cf5cdc000 rw-p 00000000 00:00 0                          [stack:12188]
7f7cf5cdc000-7f7cf5cdf000 ---p 00000000 00:00 0 
7f7cf5cdf000-7f7cf5ddd000 rw-p 00000000 00:00 0                          [stack:12187]
7f7cf5ddd000-7f7cf5de0000 ---p 00000000 00:00 0 
7f7cf5de0000-7f7cf5ede000 rw-p 00000000 00:00 0                          [stack:12186]
7f7cf5ede000-7f7cf5ee1000 ---p 00000000 00:00 0 
7f7cf5ee1000-7f7cf5fdf000 rw-p 00000000 00:00 0                          [stack:12185]
7f7cf5fdf000-7f7cf5fe2000 ---p 00000000 00:00 0 
7f7cf5fe2000-7f7cf60e0000 rw-p 00000000 00:00 0                          [stack:12184]
7f7cf60e0000-7f7cf60e3000 ---p 00000000 00:00 0 
7f7cf60e3000-7f7cf61e1000 rw-p 00000000 00:00 0                          [stack:12183]
7f7cf61e1000-7f7cf61e4000 ---p 00000000 00:00 0 
7f7cf61e4000-7f7cf62e2000 rw-p 00000000 00:00 0                          [stack:12182]
7f7cf62e2000-7f7cf6a04000 r--p 00000000 08:02 21502922                   /usr/lib/locale/locale-archive
7f7cf6a04000-7f7cf6a07000 ---p 00000000 00:00 0 
7f7cf6a07000-7f7cf6b05000 rw-p 00000000 00:00 0                          [stack:12181]
7f7cf6b05000-7f7cf6b08000 ---p 00000000 00:00 0 
7f7cf6b08000-7f7cf6c06000 rw-p 00000000 00:00 0                          [stack:12180]
7f7cf6c06000-7f7cf6c07000 ---p 00000000 00:00 0 
7f7cf6c07000-7f7cf8000000 rw-p 00000000 00:00 0                          [stack:12179]
7f7cf8000000-7f7cf8021000 rw-p 00000000 00:00 0 
7f7cf8021000-7f7cfc000000 ---p 00000000 00:00 0 
7f7cfc000000-7f7cfc001000 r--s 00000000 08:02 2630755                    /var/cache/fontconfig/4794a0821666d79190d59a36cb4f44b5-le64.cache-4
7f7cfc001000-7f7cfc002000 r--s 00000000 08:02 2621717                    /var/cache/fontconfig/bab58bb527bb656aaa9f116d68a48d89-le64.cache-4
7f7cfc002000-7f7cfc01e000 r--s 00393000 08:02 23335421                   /usr/lib/jvm/java-8-openjdk-amd64/jre/lib/ext/cldrdata.jar
7f7cfc01e000-7f7d00000000 rw-p 00000000 00:00 0 
7f7d00000000-7f7d00021000 rw-p 00000000 00:00 0 
7f7d00021000-7f7d04000000 ---p 00000000 00:00 0 
7f7d04000000-7f7d04004000 r--s 00000000 08:02 2626022                    /var/cache/fontconfig/7ef2298fde41cc6eeb7af42e48b7d293-le64.cache-4
7f7d04004000-7f7d0400c000 rw-s 00000000 00:05 59296                      /drm mm object (deleted)
7f7d0400c000-7f7d04633000 rw-p 00000000 00:00 0 
7f7d04633000-7f7d04800000 r--s 03bd3000 08:02 23335543                   /usr/lib/jvm/java-8-openjdk-amd64/jre/lib/rt.jar
7f7d04800000-7f7d05000000 rw-p 00000000 00:00 0 
7f7d05000000-7f7d05540000 rwxp 00000000 00:00 0 
7f7d05540000-7f7d14000000 ---p 00000000 00:00 0 
7f7d14000000-7f7d1447c000 rw-p 00000000 00:00 0 
7f7d1447c000-7f7d18000000 ---p 00000000 00:00 0 
7f7d18000000-7f7d18001000 r--s 00000000 08:02 2621703                    /var/cache/fontconfig/56cf4f4769d0f4abc89a4895d7bd3ae1-le64.cache-4
7f7d18001000-7f7d18002000 r--s 00000000 08:02 2621716                    /var/cache/fontconfig/b9d506c9ac06c20b433354fa67a72993-le64.cache-4
7f7d18002000-7f7d18007000 r--p 00000000 08:02 19139164                   /home/sebastian/.config/dconf/user
7f7d18007000-7f7d185a9000 rw-p 00000000 00:00 0 
7f7d185a9000-7f7d185aa000 ---p 00000000 00:00 0 
7f7d185aa000-7f7d186aa000 rw-p 00000000 00:00 0                          [stack:12178]
7f7d186aa000-7f7d186ab000 ---p 00000000 00:00 0 
7f7d186ab000-7f7d187ab000 rw-p 00000000 00:00 0                          [stack:12177]
7f7d187ab000-7f7d187ac000 ---p 00000000 00:00 0 
7f7d187ac000-7f7d188ac000 rw-p 00000000 00:00 0                          [stack:12176]
7f7d188ac000-7f7d188ad000 ---p 00000000 00:00 0 
7f7d188ad000-7f7d189ad000 rw-p 00000000 00:00 0                          [stack:12175]
7f7d189ad000-7f7d189ae000 ---p 00000000 00:00 0 
7f7d189ae000-7f7d18aae000 rw-p 00000000 00:00 0                          [stack:12174]
7f7d18aae000-7f7d18aaf000 ---p 00000000 00:00 0 
7f7d18aaf000-7f7d18baf000 rw-p 00000000 00:00 0                          [stack:12173]
7f7d18baf000-7f7d18bb0000 ---p 00000000 00:00 0 
7f7d18bb0000-7f7d18cb0000 rw-p 00000000 00:00 0                          [stack:12172]
7f7d18cb0000-7f7d18cb1000 ---p 00000000 00:00 0 
7f7d18cb1000-7f7d18ddb000 rw-p 00000000 00:00 0                          [stack:12171]
7f7d18ddb000-7f7d19045000 ---p 00000000 00:00 0 
7f7d19045000-7f7d1906f000 rw-p 00000000 00:00 0 
7f7d1906f000-7f7d192d9000 ---p 00000000 00:00 0 
7f7d192d9000-7f7d192ee000 rw-p 00000000 00:00 0 
7f7d192ee000-7f7d19423000 ---p 00000000 00:00 0 
7f7d19423000-7f7d19439000 rw-p 00000000 00:00 0 
7f7d19439000-7f7d197e4000 ---p 00000000 00:00 0 
7f7d197e4000-7f7d197ec000 r-xp 00000000 08:02 23335169                   /usr/lib/jvm/java-8-openjdk-amd64/jre/lib/amd64/libzip.so
7f7d197ec000-7f7d199eb000 ---p 00008000 08:02 23335169                   /usr/lib/jvm/java-8-openjdk-amd64/jre/lib/amd64/libzip.so
7f7d199eb000-7f7d199ec000 r--p 00007000 08:02 23335169                   /usr/lib/jvm/java-8-openjdk-amd64/jre/lib/amd64/libzip.so
7f7d199ec000-7f7d199ed000 rw-p 00008000 08:02 23335169                   /usr/lib/jvm/java-8-openjdk-amd64/jre/lib/amd64/libzip.so
7f7d199ed000-7f7d199f9000 r-xp 00000000 08:02 17961169                   /lib/x86_64-linux-gnu/libnss_files-2.21.so
7f7d199f9000-7f7d19bf8000 ---p 0000c000 08:02 17961169                   /lib/x86_64-linux-gnu/libnss_files-2.21.so
7f7d19bf8000-7f7d19bf9000 r--p 0000b000 08:02 17961169                   /lib/x86_64-linux-gnu/libnss_files-2.21.so
7f7d19bf9000-7f7d19bfa000 rw-p 0000c000 08:02 17961169                   /lib/x86_64-linux-gnu/libnss_files-2.21.so
7f7d19bfa000-7f7d19c05000 r-xp 00000000 08:02 17961179                   /lib/x86_64-linux-gnu/libnss_nis-2.21.so
7f7d19c05000-7f7d19e04000 ---p 0000b000 08:02 17961179                   /lib/x86_64-linux-gnu/libnss_nis-2.21.so
7f7d19e04000-7f7d19e05000 r--p 0000a000 08:02 17961179                   /lib/x86_64-linux-gnu/libnss_nis-2.21.so
7f7d19e05000-7f7d19e06000 rw-p 0000b000 08:02 17961179                   /lib/x86_64-linux-gnu/libnss_nis-2.21.so
7f7d19e06000-7f7d19e1d000 r-xp 00000000 08:02 17961163                   /lib/x86_64-linux-gnu/libnsl-2.21.so
7f7d19e1d000-7f7d1a01c000 ---p 00017000 08:02 17961163                   /lib/x86_64-linux-gnu/libnsl-2.21.so
7f7d1a01c000-7f7d1a01d000 r--p 00016000 08:02 17961163                   /lib/x86_64-linux-gnu/libnsl-2.21.so
7f7d1a01d000-7f7d1a01e000 rw-p 00017000 08:02 17961163                   /lib/x86_64-linux-gnu/libnsl-2.21.so
7f7d1a01e000-7f7d1a020000 rw-p 00000000 00:00 0 
7f7d1a020000-7f7d1a028000 r-xp 00000000 08:02 17961165                   /lib/x86_64-linux-gnu/libnss_compat-2.21.so
7f7d1a028000-7f7d1a227000 ---p 00008000 08:02 17961165                   /lib/x86_64-linux-gnu/libnss_compat-2.21.so
7f7d1a227000-7f7d1a228000 r--p 00007000 08:02 17961165                   /lib/x86_64-linux-gnu/libnss_compat-2.21.so
7f7d1a228000-7f7d1a229000 rw-p 00008000 08:02 17961165                   /lib/x86_64-linux-gnu/libnss_compat-2.21.so
7f7d1a229000-7f7d1a257000 r-xp 00000000 08:02 23335162                   /usr/lib/jvm/java-8-openjdk-amd64/jre/lib/amd64/libjava.so
7f7d1a257000-7f7d1a456000 ---p 0002e000 08:02 23335162                   /usr/lib/jvm/java-8-openjdk-amd64/jre/lib/amd64/libjava.so
7f7d1a456000-7f7d1a457000 r--p 0002d000 08:02 23335162                   /usr/lib/jvm/java-8-openjdk-amd64/jre/lib/amd64/libjava.so
7f7d1a457000-7f7d1a459000 rw-p 0002e000 08:02 23335162                   /usr/lib/jvm/java-8-openjdk-amd64/jre/lib/amd64/libjava.so
7f7d1a459000-7f7d1a468000 r-xp 00000000 08:02 23335223                   /usr/lib/jvm/java-8-openjdk-amd64/jre/lib/amd64/libverify.so
7f7d1a468000-7f7d1a668000 ---p 0000f000 08:02 23335223                   /usr/lib/jvm/java-8-openjdk-amd64/jre/lib/amd64/libverify.so
7f7d1a668000-7f7d1a66b000 r--p 0000f000 08:02 23335223                   /usr/lib/jvm/java-8-openjdk-amd64/jre/lib/amd64/libverify.so
7f7d1a66b000-7f7d1a66c000 rw-p 00012000 08:02 23335223                   /usr/lib/jvm/java-8-openjdk-amd64/jre/lib/amd64/libverify.so
7f7d1a66c000-7f7d1a673000 r-xp 00000000 08:02 17961224                   /lib/x86_64-linux-gnu/librt-2.21.so
7f7d1a673000-7f7d1a872000 ---p 00007000 08:02 17961224                   /lib/x86_64-linux-gnu/librt-2.21.so
7f7d1a872000-7f7d1a873000 r--p 00006000 08:02 17961224                   /lib/x86_64-linux-gnu/librt-2.21.so
7f7d1a873000-7f7d1a874000 rw-p 00007000 08:02 17961224                   /lib/x86_64-linux-gnu/librt-2.21.so
7f7d1a874000-7f7d1a88a000 r-xp 00000000 08:02 17957342                   /lib/x86_64-linux-gnu/libgcc_s.so.1
7f7d1a88a000-7f7d1aa89000 ---p 00016000 08:02 17957342                   /lib/x86_64-linux-gnu/libgcc_s.so.1
7f7d1aa89000-7f7d1aa8a000 rw-p 00015000 08:02 17957342                   /lib/x86_64-linux-gnu/libgcc_s.so.1
7f7d1aa8a000-7f7d1ab91000 r-xp 00000000 08:02 17961142                   /lib/x86_64-linux-gnu/libm-2.21.so
7f7d1ab91000-7f7d1ad90000 ---p 00107000 08:02 17961142                   /lib/x86_64-linux-gnu/libm-2.21.so
7f7d1ad90000-7f7d1ad91000 r--p 00106000 08:02 17961142                   /lib/x86_64-linux-gnu/libm-2.21.so
7f7d1ad91000-7f7d1ad92000 rw-p 00107000 08:02 17961142                   /lib/x86_64-linux-gnu/libm-2.21.so
7f7d1ad92000-7f7d1ae82000 r-xp 00000000 08:02 21504743                   /usr/lib/x86_64-linux-gnu/libstdc++.so.6.0.20
7f7d1ae82000-7f7d1b082000 ---p 000f0000 08:02 21504743                   /usr/lib/x86_64-linux-gnu/libstdc++.so.6.0.20
7f7d1b082000-7f7d1b08a000 r--p 000f0000 08:02 21504743                   /usr/lib/x86_64-linux-gnu/libstdc++.so.6.0.20
7f7d1b08a000-7f7d1b08c000 rw-p 000f8000 08:02 21504743                   /usr/lib/x86_64-linux-gnu/libstdc++.so.6.0.20
7f7d1b08c000-7f7d1b0a1000 rw-p 00000000 00:00 0 
7f7d1b0a1000-7f7d1bd2e000 r-xp 00000000 08:02 23335337                   /usr/lib/jvm/java-8-openjdk-amd64/jre/lib/amd64/server/libjvm.so
7f7d1bd2e000-7f7d1bf2e000 ---p 00c8d000 08:02 23335337                   /usr/lib/jvm/java-8-openjdk-amd64/jre/lib/amd64/server/libjvm.so
7f7d1bf2e000-7f7d1bfd1000 r--p 00c8d000 08:02 23335337                   /usr/lib/jvm/java-8-openjdk-amd64/jre/lib/amd64/server/libjvm.so
7f7d1bfd1000-7f7d1bffa000 rw-p 00d30000 08:02 23335337                   /usr/lib/jvm/java-8-openjdk-amd64/jre/lib/amd64/server/libjvm.so
7f7d1bffa000-7f7d1c029000 rw-p 00000000 00:00 0 
7f7d1c029000-7f7d1c041000 r-xp 00000000 08:02 17961216                   /lib/x86_64-linux-gnu/libpthread-2.21.so
7f7d1c041000-7f7d1c241000 ---p 00018000 08:02 17961216                   /lib/x86_64-linux-gnu/libpthread-2.21.so
7f7d1c241000-7f7d1c242000 r--p 00018000 08:02 17961216                   /lib/x86_64-linux-gnu/libpthread-2.21.so
7f7d1c242000-7f7d1c243000 rw-p 00019000 08:02 17961216                   /lib/x86_64-linux-gnu/libpthread-2.21.so
7f7d1c243000-7f7d1c247000 rw-p 00000000 00:00 0 
7f7d1c247000-7f7d1c24a000 r-xp 00000000 08:02 17961100                   /lib/x86_64-linux-gnu/libdl-2.21.so
7f7d1c24a000-7f7d1c449000 ---p 00003000 08:02 17961100                   /lib/x86_64-linux-gnu/libdl-2.21.so
7f7d1c449000-7f7d1c44a000 r--p 00002000 08:02 17961100                   /lib/x86_64-linux-gnu/libdl-2.21.so
7f7d1c44a000-7f7d1c44b000 rw-p 00003000 08:02 17961100                   /lib/x86_64-linux-gnu/libdl-2.21.so
7f7d1c44b000-7f7d1c464000 r-xp 00000000 08:02 17961257                   /lib/x86_64-linux-gnu/libz.so.1.2.8
7f7d1c464000-7f7d1c664000 ---p 00019000 08:02 17961257                   /lib/x86_64-linux-gnu/libz.so.1.2.8
7f7d1c664000-7f7d1c665000 r--p 00019000 08:02 17961257                   /lib/x86_64-linux-gnu/libz.so.1.2.8
7f7d1c665000-7f7d1c666000 rw-p 0001a000 08:02 17961257                   /lib/x86_64-linux-gnu/libz.so.1.2.8
7f7d1c666000-7f7d1c826000 r-xp 00000000 08:02 17961083                   /lib/x86_64-linux-gnu/libc-2.21.so
7f7d1c826000-7f7d1ca26000 ---p 001c0000 08:02 17961083                   /lib/x86_64-linux-gnu/libc-2.21.so
7f7d1ca26000-7f7d1ca2a000 r--p 001c0000 08:02 17961083                   /lib/x86_64-linux-gnu/libc-2.21.so
7f7d1ca2a000-7f7d1ca2c000 rw-p 001c4000 08:02 17961083                   /lib/x86_64-linux-gnu/libc-2.21.so
7f7d1ca2c000-7f7d1ca30000 rw-p 00000000 00:00 0 
7f7d1ca30000-7f7d1ca3e000 r-xp 00000000 08:02 23335359                   /usr/lib/jvm/java-8-openjdk-amd64/jre/lib/amd64/jli/libjli.so
7f7d1ca3e000-7f7d1cc3d000 ---p 0000e000 08:02 23335359                   /usr/lib/jvm/java-8-openjdk-amd64/jre/lib/amd64/jli/libjli.so
7f7d1cc3d000-7f7d1cc3e000 r--p 0000d000 08:02 23335359                   /usr/lib/jvm/java-8-openjdk-amd64/jre/lib/amd64/jli/libjli.so
7f7d1cc3e000-7f7d1cc3f000 rw-p 0000e000 08:02 23335359                   /usr/lib/jvm/java-8-openjdk-amd64/jre/lib/amd64/jli/libjli.so
7f7d1cc3f000-7f7d1cc63000 r-xp 00000000 08:02 17961055                   /lib/x86_64-linux-gnu/ld-2.21.so
7f7d1cc63000-7f7d1cc64000 r--s 00000000 08:02 2621702                    /var/cache/fontconfig/551ecf3b0e8b0bca0f25c0944f561853-le64.cache-4
7f7d1cc64000-7f7d1cc65000 r--s 00000000 08:02 2621691                    /var/cache/fontconfig/0c9eb80ebd1c36541ebe2852d3bb0c49-le64.cache-4
7f7d1cc65000-7f7d1cc70000 r--s 00116000 08:02 23335424                   /usr/lib/jvm/java-8-openjdk-amd64/jre/lib/ext/localedata.jar
7f7d1cc70000-7f7d1cd3b000 rw-p 00000000 00:00 0 
7f7d1cd3b000-7f7d1cd3e000 ---p 00000000 00:00 0 
7f7d1cd3e000-7f7d1ce42000 rw-p 00000000 00:00 0                          [stack:12170]
7f7d1ce42000-7f7d1ce43000 rw-s 00000000 00:05 59297                      /drm mm object (deleted)
7f7d1ce43000-7f7d1ce44000 r--s 00000000 00:2a 28557                      /run/user/1000/dconf/user
7f7d1ce44000-7f7d1ce45000 r--s 00008000 08:02 23335423                   /usr/lib/jvm/java-8-openjdk-amd64/jre/lib/ext/sunec.jar
7f7d1ce45000-7f7d1ce48000 r--s 00037000 08:02 23335448                   /usr/lib/jvm/java-8-openjdk-amd64/jre/lib/ext/sunpkcs11.jar
7f7d1ce48000-7f7d1ce49000 r--s 00010000 08:02 23335425                   /usr/lib/jvm/java-8-openjdk-amd64/jre/lib/ext/zipfs.jar
7f7d1ce49000-7f7d1ce4b000 r--s 00006000 08:02 22020342                   /usr/share/java/java-atk-wrapper.jar
7f7d1ce4b000-7f7d1ce4e000 r--s 0000f000 08:02 23335447                   /usr/lib/jvm/java-8-openjdk-amd64/jre/lib/ext/icedtea-sound.jar
7f7d1ce4e000-7f7d1ce50000 r--s 00001000 08:02 23335446                   /usr/lib/jvm/java-8-openjdk-amd64/jre/lib/ext/dnsns.jar
7f7d1ce50000-7f7d1ce56000 r--s 0003a000 08:02 23335428                   /usr/lib/jvm/java-8-openjdk-amd64/jre/lib/ext/sunjce_provider.jar
7f7d1ce56000-7f7d1ce5e000 rw-s 00000000 08:02 52167019                   /tmp/hsperfdata_sebastian/12165
7f7d1ce5e000-7f7d1ce5f000 rw-p 00000000 00:00 0 
7f7d1ce5f000-7f7d1ce60000 r--p 00000000 00:00 0 
7f7d1ce60000-7f7d1ce62000 rw-p 00000000 00:00 0 
7f7d1ce62000-7f7d1ce63000 r--p 00023000 08:02 17961055                   /lib/x86_64-linux-gnu/ld-2.21.so
7f7d1ce63000-7f7d1ce64000 rw-p 00024000 08:02 17961055                   /lib/x86_64-linux-gnu/ld-2.21.so
7f7d1ce64000-7f7d1ce65000 rw-p 00000000 00:00 0 
7ffce89f4000-7ffce8a15000 rw-p 00000000 00:00 0                          [stack]
7ffce8b62000-7ffce8b64000 r--p 00000000 00:00 0                          [vvar]
7ffce8b64000-7ffce8b66000 r-xp 00000000 00:00 0                          [vdso]
ffffffffff600000-ffffffffff601000 r-xp 00000000 00:00 0                  [vsyscall]

VM Arguments:
jvm_args: -Dfile.encoding=UTF-8 
java_command: Main
java_class_path (initial): /home/sebastian/workspace/SE_A9/bin
Launcher Type: SUN_STANDARD

Environment Variables:
PATH=/usr/local/sbin:/usr/local/bin:/usr/sbin:/usr/bin:/sbin:/bin:/usr/games:/usr/local/games
SHELL=/bin/bash
DISPLAY=:0

Signal Handlers:
SIGSEGV: [libjvm.so+0xa90d80], sa_mask[0]=11111111011111111101111111111110, sa_flags=SA_RESTART|SA_SIGINFO
SIGBUS: [libjvm.so+0xa90d80], sa_mask[0]=11111111011111111101111111111110, sa_flags=SA_RESTART|SA_SIGINFO
SIGFPE: [libjvm.so+0x8dbc70], sa_mask[0]=11111111011111111101111111111110, sa_flags=SA_RESTART|SA_SIGINFO
SIGPIPE: SIG_IGN, sa_mask[0]=00000000000010000000000000000000, sa_flags=SA_RESTART
SIGXFSZ: [libjvm.so+0x8dbc70], sa_mask[0]=11111111011111111101111111111110, sa_flags=SA_RESTART|SA_SIGINFO
SIGILL: [libjvm.so+0x8dbc70], sa_mask[0]=11111111011111111101111111111110, sa_flags=SA_RESTART|SA_SIGINFO
SIGUSR1: SIG_DFL, sa_mask[0]=00000000000000000000000000000000, sa_flags=none
SIGUSR2: [libjvm.so+0x8dbb20], sa_mask[0]=00100000000000000000000000000000, sa_flags=SA_RESTART|SA_SIGINFO
SIGHUP: [libjvm.so+0x8dbd40], sa_mask[0]=11111111011111111101111111111110, sa_flags=SA_RESTART|SA_SIGINFO
SIGINT: [libjvm.so+0x8dbd40], sa_mask[0]=11111111011111111101111111111110, sa_flags=SA_RESTART|SA_SIGINFO
SIGTERM: [libjvm.so+0x8dbd40], sa_mask[0]=11111111011111111101111111111110, sa_flags=SA_RESTART|SA_SIGINFO
SIGQUIT: [libjvm.so+0x8dbd40], sa_mask[0]=11111111011111111101111111111110, sa_flags=SA_RESTART|SA_SIGINFO


---------------  S Y S T E M  ---------------

OS:DISTRIB_ID=Ubuntu
DISTRIB_RELEASE=15.04
DISTRIB_CODENAME=vivid
DISTRIB_DESCRIPTION="Ubuntu 15.04"

uname:Linux 3.19.0-39-generic #44-Ubuntu SMP Tue Dec 1 14:39:05 UTC 2015 x86_64
libc:glibc 2.21 NPTL 2.21 
rlimit: STACK 8192k, CORE 0k, NPROC 31271, NOFILE 65536, AS infinity
load average:0,29 0,34 0,31

/proc/meminfo:
MemTotal:        8105876 kB
MemFree:         4136904 kB
MemAvailable:    5356348 kB
Buffers:           93760 kB
Cached:          1766276 kB
SwapCached:            0 kB
Active:          2309568 kB
Inactive:        1457156 kB
Active(anon):    1908732 kB
Inactive(anon):   501412 kB
Active(file):     400836 kB
Inactive(file):   955744 kB
Unevictable:          32 kB
Mlocked:              32 kB
SwapTotal:       8318972 kB
SwapFree:        8318972 kB
Dirty:                24 kB
Writeback:             0 kB
AnonPages:       1906620 kB
Mapped:           469984 kB
Shmem:            503460 kB
Slab:             101176 kB
SReclaimable:      63600 kB
SUnreclaim:        37576 kB
KernelStack:        9184 kB
PageTables:        32096 kB
NFS_Unstable:          0 kB
Bounce:                0 kB
WritebackTmp:          0 kB
CommitLimit:    12371908 kB
Committed_AS:    5742844 kB
VmallocTotal:   34359738367 kB
VmallocUsed:      583164 kB
VmallocChunk:   34359135568 kB
HardwareCorrupted:     0 kB
AnonHugePages:   1069056 kB
CmaTotal:              0 kB
CmaFree:               0 kB
HugePages_Total:       0
HugePages_Free:        0
HugePages_Rsvd:        0
HugePages_Surp:        0
Hugepagesize:       2048 kB
DirectMap4k:      133632 kB
DirectMap2M:     5040128 kB
DirectMap1G:     4194304 kB


CPU:total 8 (4 cores per cpu, 2 threads per core) family 6 model 60 stepping 3, cmov, cx8, fxsr, mmx, sse, sse2, sse3, ssse3, sse4.1, sse4.2, popcnt, avx, avx2, aes, clmul, erms, lzcnt, ht, tsc, tscinvbit, bmi1, bmi2

/proc/cpuinfo:
processor	: 0
vendor_id	: GenuineIntel
cpu family	: 6
model		: 60
model name	: Intel(R) Core(TM) i7-4702MQ CPU @ 2.20GHz
stepping	: 3
microcode	: 0x17
cpu MHz		: 1099.484
cache size	: 6144 KB
physical id	: 0
siblings	: 8
core id		: 0
cpu cores	: 4
apicid		: 0
initial apicid	: 0
fpu		: yes
fpu_exception	: yes
cpuid level	: 13
wp		: yes
flags		: fpu vme de pse tsc msr pae mce cx8 apic sep mtrr pge mca cmov pat pse36 clflush dts acpi mmx fxsr sse sse2 ss ht tm pbe syscall nx pdpe1gb rdtscp lm constant_tsc arch_perfmon pebs bts rep_good nopl xtopology nonstop_tsc aperfmperf eagerfpu pni pclmulqdq dtes64 monitor ds_cpl vmx est tm2 ssse3 fma cx16 xtpr pdcm pcid sse4_1 sse4_2 movbe popcnt tsc_deadline_timer aes xsave avx f16c rdrand lahf_lm abm ida arat epb pln pts dtherm tpr_shadow vnmi flexpriority ept vpid fsgsbase tsc_adjust bmi1 avx2 smep bmi2 erms invpcid xsaveopt
bugs		:
bogomips	: 4389.73
clflush size	: 64
cache_alignment	: 64
address sizes	: 39 bits physical, 48 bits virtual
power management:

processor	: 1
vendor_id	: GenuineIntel
cpu family	: 6
model		: 60
model name	: Intel(R) Core(TM) i7-4702MQ CPU @ 2.20GHz
stepping	: 3
microcode	: 0x17
cpu MHz		: 1100.000
cache size	: 6144 KB
physical id	: 0
siblings	: 8
core id		: 0
cpu cores	: 4
apicid		: 1
initial apicid	: 1
fpu		: yes
fpu_exception	: yes
cpuid level	: 13
wp		: yes
flags		: fpu vme de pse tsc msr pae mce cx8 apic sep mtrr pge mca cmov pat pse36 clflush dts acpi mmx fxsr sse sse2 ss ht tm pbe syscall nx pdpe1gb rdtscp lm constant_tsc arch_perfmon pebs bts rep_good nopl xtopology nonstop_tsc aperfmperf eagerfpu pni pclmulqdq dtes64 monitor ds_cpl vmx est tm2 ssse3 fma cx16 xtpr pdcm pcid sse4_1 sse4_2 movbe popcnt tsc_deadline_timer aes xsave avx f16c rdrand lahf_lm abm ida arat epb pln pts dtherm tpr_shadow vnmi flexpriority ept vpid fsgsbase tsc_adjust bmi1 avx2 smep bmi2 erms invpcid xsaveopt
bugs		:
bogomips	: 4389.73
clflush size	: 64
cache_alignment	: 64
address sizes	: 39 bits physical, 48 bits virtual
power management:

processor	: 2
vendor_id	: GenuineIntel
cpu family	: 6
model		: 60
model name	: Intel(R) Core(TM) i7-4702MQ CPU @ 2.20GHz
stepping	: 3
microcode	: 0x17
cpu MHz		: 1099.914
cache size	: 6144 KB
physical id	: 0
siblings	: 8
core id		: 1
cpu cores	: 4
apicid		: 2
initial apicid	: 2
fpu		: yes
fpu_exception	: yes
cpuid level	: 13
wp		: yes
flags		: fpu vme de pse tsc msr pae mce cx8 apic sep mtrr pge mca cmov pat pse36 clflush dts acpi mmx fxsr sse sse2 ss ht tm pbe syscall nx pdpe1gb rdtscp lm constant_tsc arch_perfmon pebs bts rep_good nopl xtopology nonstop_tsc aperfmperf eagerfpu pni pclmulqdq dtes64 monitor ds_cpl vmx est tm2 ssse3 fma cx16 xtpr pdcm pcid sse4_1 sse4_2 movbe popcnt tsc_deadline_timer aes xsave avx f16c rdrand lahf_lm abm ida arat epb pln pts dtherm tpr_shadow vnmi flexpriority ept vpid fsgsbase tsc_adjust bmi1 avx2 smep bmi2 erms invpcid xsaveopt
bugs		:
bogomips	: 4389.73
clflush size	: 64
cache_alignment	: 64
address sizes	: 39 bits physical, 48 bits virtual
power management:

processor	: 3
vendor_id	: GenuineIntel
cpu family	: 6
model		: 60
model name	: Intel(R) Core(TM) i7-4702MQ CPU @ 2.20GHz
stepping	: 3
microcode	: 0x17
cpu MHz		: 1100.000
cache size	: 6144 KB
physical id	: 0
siblings	: 8
core id		: 1
cpu cores	: 4
apicid		: 3
initial apicid	: 3
fpu		: yes
fpu_exception	: yes
cpuid level	: 13
wp		: yes
flags		: fpu vme de pse tsc msr pae mce cx8 apic sep mtrr pge mca cmov pat pse36 clflush dts acpi mmx fxsr sse sse2 ss ht tm pbe syscall nx pdpe1gb rdtscp lm constant_tsc arch_perfmon pebs bts rep_good nopl xtopology nonstop_tsc aperfmperf eagerfpu pni pclmulqdq dtes64 monitor ds_cpl vmx est tm2 ssse3 fma cx16 xtpr pdcm pcid sse4_1 sse4_2 movbe popcnt tsc_deadline_timer aes xsave avx f16c rdrand lahf_lm abm ida arat epb pln pts dtherm tpr_shadow vnmi flexpriority ept vpid fsgsbase tsc_adjust bmi1 avx2 smep bmi2 erms invpcid xsaveopt
bugs		:
bogomips	: 4389.73
clflush size	: 64
cache_alignment	: 64
address sizes	: 39 bits physical, 48 bits virtual
power management:

processor	: 4
vendor_id	: GenuineIntel
cpu family	: 6
model		: 60
model name	: Intel(R) Core(TM) i7-4702MQ CPU @ 2.20GHz
stepping	: 3
microcode	: 0x17
cpu MHz		: 1099.828
cache size	: 6144 KB
physical id	: 0
siblings	: 8
core id		: 2
cpu cores	: 4
apicid		: 4
initial apicid	: 4
fpu		: yes
fpu_exception	: yes
cpuid level	: 13
wp		: yes
flags		: fpu vme de pse tsc msr pae mce cx8 apic sep mtrr pge mca cmov pat pse36 clflush dts acpi mmx fxsr sse sse2 ss ht tm pbe syscall nx pdpe1gb rdtscp lm constant_tsc arch_perfmon pebs bts rep_good nopl xtopology nonstop_tsc aperfmperf eagerfpu pni pclmulqdq dtes64 monitor ds_cpl vmx est tm2 ssse3 fma cx16 xtpr pdcm pcid sse4_1 sse4_2 movbe popcnt tsc_deadline_timer aes xsave avx f16c rdrand lahf_lm abm ida arat epb pln pts dtherm tpr_shadow vnmi flexpriority ept vpid fsgsbase tsc_adjust bmi1 avx2 smep bmi2 erms invpcid xsaveopt
bugs		:
bogomips	: 4389.73
clflush size	: 64
cache_alignment	: 64
address sizes	: 39 bits physical, 48 bits virtual
power management:

processor	: 5
vendor_id	: GenuineIntel
cpu family	: 6
model		: 60
model name	: Intel(R) Core(TM) i7-4702MQ CPU @ 2.20GHz
stepping	: 3
microcode	: 0x17
cpu MHz		: 1094.242
cache size	: 6144 KB
physical id	: 0
siblings	: 8
core id		: 2
cpu cores	: 4
apicid		: 5
initial apicid	: 5
fpu		: yes
fpu_exception	: yes
cpuid level	: 13
wp		: yes
flags		: fpu vme de pse tsc msr pae mce cx8 apic sep mtrr pge mca cmov pat pse36 clflush dts acpi mmx fxsr sse sse2 ss ht tm pbe syscall nx pdpe1gb rdtscp lm constant_tsc arch_perfmon pebs bts rep_good nopl xtopology nonstop_tsc aperfmperf eagerfpu pni pclmulqdq dtes64 monitor ds_cpl vmx est tm2 ssse3 fma cx16 xtpr pdcm pcid sse4_1 sse4_2 movbe popcnt tsc_deadline_timer aes xsave avx f16c rdrand lahf_lm abm ida arat epb pln pts dtherm tpr_shadow vnmi flexpriority ept vpid fsgsbase tsc_adjust bmi1 avx2 smep bmi2 erms invpcid xsaveopt
bugs		:
bogomips	: 4389.73
clflush size	: 64
cache_alignment	: 64
address sizes	: 39 bits physical, 48 bits virtual
power management:

processor	: 6
vendor_id	: GenuineIntel
cpu family	: 6
model		: 60
model name	: Intel(R) Core(TM) i7-4702MQ CPU @ 2.20GHz
stepping	: 3
microcode	: 0x17
cpu MHz		: 1100.000
cache size	: 6144 KB
physical id	: 0
siblings	: 8
core id		: 3
cpu cores	: 4
apicid		: 6
initial apicid	: 6
fpu		: yes
fpu_exception	: yes
cpuid level	: 13
wp		: yes
flags		: fpu vme de pse tsc msr pae mce cx8 apic sep mtrr pge mca cmov pat pse36 clflush dts acpi mmx fxsr sse sse2 ss ht tm pbe syscall nx pdpe1gb rdtscp lm constant_tsc arch_perfmon pebs bts rep_good nopl xtopology nonstop_tsc aperfmperf eagerfpu pni pclmulqdq dtes64 monitor ds_cpl vmx est tm2 ssse3 fma cx16 xtpr pdcm pcid sse4_1 sse4_2 movbe popcnt tsc_deadline_timer aes xsave avx f16c rdrand lahf_lm abm ida arat epb pln pts dtherm tpr_shadow vnmi flexpriority ept vpid fsgsbase tsc_adjust bmi1 avx2 smep bmi2 erms invpcid xsaveopt
bugs		:
bogomips	: 4389.73
clflush size	: 64
cache_alignment	: 64
address sizes	: 39 bits physical, 48 bits virtual
power management:

processor	: 7
vendor_id	: GenuineIntel
cpu family	: 6
model		: 60
model name	: Intel(R) Core(TM) i7-4702MQ CPU @ 2.20GHz
stepping	: 3
microcode	: 0x17
cpu MHz		: 1098.882
cache size	: 6144 KB
physical id	: 0
siblings	: 8
core id		: 3
cpu cores	: 4
apicid		: 7
initial apicid	: 7
fpu		: yes
fpu_exception	: yes
cpuid level	: 13
wp		: yes
flags		: fpu vme de pse tsc msr pae mce cx8 apic sep mtrr pge mca cmov pat pse36 clflush dts acpi mmx fxsr sse sse2 ss ht tm pbe syscall nx pdpe1gb rdtscp lm constant_tsc arch_perfmon pebs bts rep_good nopl xtopology nonstop_tsc aperfmperf eagerfpu pni pclmulqdq dtes64 monitor ds_cpl vmx est tm2 ssse3 fma cx16 xtpr pdcm pcid sse4_1 sse4_2 movbe popcnt tsc_deadline_timer aes xsave avx f16c rdrand lahf_lm abm ida arat epb pln pts dtherm tpr_shadow vnmi flexpriority ept vpid fsgsbase tsc_adjust bmi1 avx2 smep bmi2 erms invpcid xsaveopt
bugs		:
bogomips	: 4389.73
clflush size	: 64
cache_alignment	: 64
address sizes	: 39 bits physical, 48 bits virtual
power management:



Memory: 4k page, physical 8105876k(4136904k free), swap 8318972k(8318972k free)

vm_info: OpenJDK 64-Bit Server VM (25.45-b02) for linux-amd64 JRE (1.8.0_45-internal-b14), built on Apr 20 2015 00:35:04 by "buildd" with gcc 4.9.2

time: Wed Dec 16 13:56:05 2015
elapsed time: 17 seconds (0d 0h 0m 17s)

